[2019-12-11T16:07:21+08:00][info] [ VIEW ] /yd/php/tp6.0/view/login/login.html [ array (
) ]
[2019-12-11T16:11:32+08:00][info] [ VIEW ] /yd/php/tp6.0/view/login/login.html [ array (
) ]
[2019-12-11T16:11:42+08:00][info] [ VIEW ] /yd/php/tp6.0/view/login/login.html [ array (
) ]
[2019-12-11T16:13:16+08:00][info] [ VIEW ] /yd/php/tp6.0/view/login/login.html [ array (
) ]
[2019-12-11T16:17:07+08:00][info] [ VIEW ] /yd/php/tp6.0/view/login/login.html [ array (
) ]
[2019-12-11T16:17:36+08:00][info] [ VIEW ] /yd/php/tp6.0/view/login/login.html [ array (
) ]
[2019-12-11T16:18:05+08:00][info] [ VIEW ] /yd/php/tp6.0/view/login/login.html [ array (
) ]
[2019-12-11T16:18:24+08:00][info] [ VIEW ] /yd/php/tp6.0/view/login/login.html [ array (
) ]
[2019-12-11T16:18:33+08:00][info] [ VIEW ] /yd/php/tp6.0/view/login/login.html [ array (
) ]
[2019-12-11T16:18:33+08:00][error] [2]Use of undefined constant __static__ - assumed '__static__' (this will throw an Error in a future version of PHP)[/yd/php/tp6.0/runtime/temp/fd54d644891b4307ae81de05ca874d20.php:19]
[2019-12-11T16:20:30+08:00][info] [ VIEW ] /yd/php/tp6.0/view/login/login.html [ array (
) ]
[2019-12-11T16:21:18+08:00][info] [ VIEW ] /yd/php/tp6.0/view/login/login.html [ array (
) ]
[2019-12-11T16:21:29+08:00][info] [ VIEW ] /yd/php/tp6.0/view/login/login.html [ array (
) ]
[2019-12-11T16:21:38+08:00][info] [ VIEW ] /yd/php/tp6.0/view/login/login.html [ array (
) ]
[2019-12-11T16:22:40+08:00][info] [ VIEW ] /yd/php/tp6.0/view/login/login.html [ array (
) ]
[2019-12-11T16:23:15+08:00][info] [ VIEW ] /yd/php/tp6.0/view/login/login.html [ array (
) ]
[2019-12-11T16:25:03+08:00][info] [ VIEW ] /yd/php/tp6.0/view/login/login.html [ array (
) ]
[2019-12-11T16:25:51+08:00][info] [ VIEW ] /yd/php/tp6.0/view/login/login.html [ array (
) ]
[2019-12-11T16:25:58+08:00][info] [ VIEW ] /yd/php/tp6.0/view/login/login.html [ array (
) ]
[2019-12-11T16:26:40+08:00][info] [ VIEW ] /yd/php/tp6.0/view/login/login.html [ array (
) ]
[2019-12-11T16:27:05+08:00][info] [ VIEW ] /yd/php/tp6.0/view/login/login.html [ array (
) ]
[2019-12-11T16:27:07+08:00][info] [ VIEW ] /yd/php/tp6.0/view/login/login.html [ array (
) ]
[2019-12-11T16:27:09+08:00][info] [ VIEW ] /yd/php/tp6.0/view/login/login.html [ array (
) ]
[2019-12-11T16:27:22+08:00][info] [ VIEW ] /yd/php/tp6.0/view/login/login.html [ array (
) ]
[2019-12-11T16:27:24+08:00][info] [ VIEW ] /yd/php/tp6.0/view/login/login.html [ array (
) ]
[2019-12-11T16:27:34+08:00][info] [ VIEW ] /yd/php/tp6.0/view/login/login.html [ array (
) ]
[2019-12-11T16:27:45+08:00][info] [ VIEW ] /yd/php/tp6.0/view/login/login.html [ array (
) ]
[2019-12-11T16:28:08+08:00][info] [ VIEW ] /yd/php/tp6.0/view/login/login.html [ array (
) ]
[2019-12-11T16:28:36+08:00][info] [ VIEW ] /yd/php/tp6.0/view/login/login.html [ array (
) ]
[2019-12-11T16:28:39+08:00][info] [ VIEW ] /yd/php/tp6.0/view/login/login.html [ array (
) ]
[2019-12-11T16:30:06+08:00][info] [ VIEW ] /yd/php/tp6.0/view/login/login.html [ array (
) ]
[2019-12-11T16:30:08+08:00][info] [ VIEW ] /yd/php/tp6.0/view/login/login.html [ array (
) ]
[2019-12-11T16:31:05+08:00][error] [2]Use of undefined constant ROOT_PATH - assumed 'ROOT_PATH' (this will throw an Error in a future version of PHP)[/yd/php/tp6.0/app/controller/Login.php:19]
[2019-12-11T16:31:32+08:00][error] [2]Use of undefined constant ROOT_PATH - assumed 'ROOT_PATH' (this will throw an Error in a future version of PHP)[/yd/php/tp6.0/app/controller/Login.php:19]
[2019-12-11T16:31:35+08:00][error] [2]Use of undefined constant ROOT_PATH - assumed 'ROOT_PATH' (this will throw an Error in a future version of PHP)[/yd/php/tp6.0/app/controller/Login.php:19]
[2019-12-11T16:32:36+08:00][info] [ VIEW ] /yd/php/tp6.0/view/login/login.html [ array (
) ]
[2019-12-11T16:33:52+08:00][info] [ VIEW ] /yd/php/tp6.0/view/login/login.html [ array (
) ]
[2019-12-11T16:34:25+08:00][info] [ VIEW ] /yd/php/tp6.0/view/login/login.html [ array (
) ]
[2019-12-11T16:34:55+08:00][info] [ VIEW ] /yd/php/tp6.0/view/login/login.html [ array (
) ]
[2019-12-11T16:35:35+08:00][info] [ VIEW ] /yd/php/tp6.0/view/login/login.html [ array (
) ]
[2019-12-11T16:36:00+08:00][info] [ VIEW ] /yd/php/tp6.0/view/login/login.html [ array (
) ]
[2019-12-11T16:36:04+08:00][info] [ VIEW ] /yd/php/tp6.0/view/login/login.html [ array (
) ]
[2019-12-11T16:46:23+08:00][error] [0]Class 'app\controller\Session' not found[/yd/php/tp6.0/app/controller/Login.php:19]
[2019-12-11T16:47:20+08:00][error] [0]Class 'app\controller\Session' not found[/yd/php/tp6.0/app/controller/Login.php:19]
[2019-12-11T16:51:04+08:00][info] [ VIEW ] /yd/php/tp6.0/view/login/login.html [ array (
) ]
[2019-12-11T16:51:12+08:00][info] [ VIEW ] /yd/php/tp6.0/view/login/login.html [ array (
) ]
[2019-12-11T16:51:14+08:00][info] [ VIEW ] /yd/php/tp6.0/view/login/login.html [ array (
) ]
[2019-12-11T16:51:17+08:00][info] [ VIEW ] /yd/php/tp6.0/view/login/login.html [ array (
) ]
[2019-12-11T16:51:19+08:00][info] [ VIEW ] /yd/php/tp6.0/view/login/login.html [ array (
) ]
[2019-12-11T16:53:34+08:00][info] [ VIEW ] /yd/php/tp6.0/view/login/login.html [ array (
) ]
[2019-12-11T16:53:36+08:00][info] [ VIEW ] /yd/php/tp6.0/view/login/login.html [ array (
) ]
[2019-12-11T16:56:55+08:00][info] [ VIEW ] /yd/php/tp6.0/view/login/login.html [ array (
) ]
[2019-12-11T16:57:11+08:00][info] [ VIEW ] /yd/php/tp6.0/view/login/login.html [ array (
) ]
[2019-12-11T16:59:14+08:00][info] [ VIEW ] /yd/php/tp6.0/view/login/login.html [ array (
) ]
[2019-12-11T17:00:07+08:00][info] [ VIEW ] /yd/php/tp6.0/view/login/login.html [ array (
) ]
[2019-12-11T17:05:38+08:00][info] [ VIEW ] /yd/php/tp6.0/view/login/login.html [ array (
) ]
[2019-12-11T17:05:42+08:00][info] [ VIEW ] /yd/php/tp6.0/view/login/login.html [ array (
) ]
[2019-12-11T17:06:14+08:00][info] [ VIEW ] /yd/php/tp6.0/view/login/login.html [ array (
) ]
[2019-12-11T17:06:16+08:00][info] [ VIEW ] /yd/php/tp6.0/view/login/login.html [ array (
) ]
[2019-12-11T17:06:40+08:00][info] [ VIEW ] /yd/php/tp6.0/view/login/login.html [ array (
) ]
[2019-12-11T17:06:42+08:00][info] [ VIEW ] /yd/php/tp6.0/view/login/login.html [ array (
) ]
[2019-12-11T17:06:43+08:00][info] [ VIEW ] /yd/php/tp6.0/view/login/login.html [ array (
) ]
[2019-12-11T17:06:43+08:00][info] [ VIEW ] /yd/php/tp6.0/view/login/login.html [ array (
) ]
[2019-12-11T17:06:44+08:00][info] [ VIEW ] /yd/php/tp6.0/view/login/login.html [ array (
) ]
[2019-12-11T17:06:44+08:00][info] [ VIEW ] /yd/php/tp6.0/view/login/login.html [ array (
) ]
[2019-12-11T17:07:08+08:00][info] [ VIEW ] /yd/php/tp6.0/view/login/login.html [ array (
) ]
[2019-12-11T17:07:09+08:00][info] [ VIEW ] /yd/php/tp6.0/view/login/login.html [ array (
) ]
[2019-12-11T17:07:10+08:00][info] [ VIEW ] /yd/php/tp6.0/view/login/login.html [ array (
) ]
[2019-12-11T17:07:10+08:00][info] [ VIEW ] /yd/php/tp6.0/view/login/login.html [ array (
) ]
[2019-12-11T17:07:13+08:00][info] [ VIEW ] /yd/php/tp6.0/view/login/login.html [ array (
) ]
[2019-12-11T17:07:58+08:00][info] [ VIEW ] /yd/php/tp6.0/view/login/login.html [ array (
) ]
[2019-12-11T17:08:00+08:00][info] [ VIEW ] /yd/php/tp6.0/view/login/login.html [ array (
) ]
[2019-12-11T17:08:02+08:00][info] [ VIEW ] /yd/php/tp6.0/view/login/login.html [ array (
) ]
[2019-12-11T17:08:03+08:00][info] [ VIEW ] /yd/php/tp6.0/view/login/login.html [ array (
) ]
[2019-12-11T17:08:03+08:00][info] [ VIEW ] /yd/php/tp6.0/view/login/login.html [ array (
) ]
[2019-12-11T17:08:04+08:00][info] [ VIEW ] /yd/php/tp6.0/view/login/login.html [ array (
) ]
[2019-12-11T17:08:26+08:00][info] [ VIEW ] /yd/php/tp6.0/view/login/login.html [ array (
) ]
[2019-12-11T17:08:27+08:00][info] [ VIEW ] /yd/php/tp6.0/view/login/login.html [ array (
) ]
[2019-12-11T17:08:28+08:00][info] [ VIEW ] /yd/php/tp6.0/view/login/login.html [ array (
) ]
[2019-12-11T17:08:44+08:00][info] [ VIEW ] /yd/php/tp6.0/view/login/login.html [ array (
) ]
[2019-12-11T17:08:45+08:00][info] [ VIEW ] /yd/php/tp6.0/view/login/login.html [ array (
) ]
[2019-12-11T17:08:45+08:00][info] [ VIEW ] /yd/php/tp6.0/view/login/login.html [ array (
) ]
[2019-12-11T17:08:46+08:00][info] [ VIEW ] /yd/php/tp6.0/view/login/login.html [ array (
) ]
[2019-12-11T17:08:46+08:00][info] [ VIEW ] /yd/php/tp6.0/view/login/login.html [ array (
) ]
[2019-12-11T17:08:47+08:00][info] [ VIEW ] /yd/php/tp6.0/view/login/login.html [ array (
) ]
[2019-12-11T17:08:48+08:00][info] [ VIEW ] /yd/php/tp6.0/view/login/login.html [ array (
) ]
[2019-12-11T17:08:49+08:00][info] [ VIEW ] /yd/php/tp6.0/view/login/login.html [ array (
) ]
[2019-12-11T17:09:23+08:00][info] [ VIEW ] /yd/php/tp6.0/view/login/login.html [ array (
) ]
[2019-12-11T17:09:27+08:00][info] [ VIEW ] /yd/php/tp6.0/view/login/login.html [ array (
) ]
[2019-12-11T17:10:09+08:00][info] [ VIEW ] /yd/php/tp6.0/view/login/login.html [ array (
) ]
[2019-12-11T17:10:12+08:00][info] [ VIEW ] /yd/php/tp6.0/view/login/login.html [ array (
) ]
[2019-12-11T17:10:39+08:00][info] [ VIEW ] /yd/php/tp6.0/view/login/login.html [ array (
) ]
[2019-12-11T17:11:46+08:00][info] [ VIEW ] /yd/php/tp6.0/view/login/login.html [ array (
) ]
[2019-12-11T17:11:48+08:00][info] [ VIEW ] /yd/php/tp6.0/view/login/login.html [ array (
) ]
[2019-12-11T17:11:49+08:00][info] [ VIEW ] /yd/php/tp6.0/view/login/login.html [ array (
) ]
[2019-12-11T17:11:50+08:00][info] [ VIEW ] /yd/php/tp6.0/view/login/login.html [ array (
) ]
[2019-12-11T17:13:56+08:00][info] [ VIEW ] /yd/php/tp6.0/view/login/login.html [ array (
) ]
[2019-12-11T17:13:57+08:00][info] [ VIEW ] /yd/php/tp6.0/view/login/login.html [ array (
) ]
[2019-12-11T17:13:58+08:00][info] [ VIEW ] /yd/php/tp6.0/view/login/login.html [ array (
) ]
[2019-12-11T17:14:31+08:00][info] [ VIEW ] /yd/php/tp6.0/view/login/login.html [ array (
) ]
[2019-12-11T17:14:35+08:00][info] [ VIEW ] /yd/php/tp6.0/view/login/login.html [ array (
) ]
[2019-12-11T17:14:36+08:00][info] [ VIEW ] /yd/php/tp6.0/view/login/login.html [ array (
) ]
[2019-12-11T17:14:43+08:00][info] [ VIEW ] /yd/php/tp6.0/view/login/login.html [ array (
) ]
[2019-12-11T17:14:45+08:00][info] [ VIEW ] /yd/php/tp6.0/view/login/login.html [ array (
) ]
[2019-12-11T17:14:46+08:00][info] [ VIEW ] /yd/php/tp6.0/view/login/login.html [ array (
) ]
[2019-12-11T17:14:51+08:00][info] [ VIEW ] /yd/php/tp6.0/view/login/login.html [ array (
) ]
[2019-12-11T17:14:52+08:00][info] [ VIEW ] /yd/php/tp6.0/view/login/login.html [ array (
) ]
[2019-12-11T17:14:55+08:00][info] [ VIEW ] /yd/php/tp6.0/view/login/login.html [ array (
) ]
[2019-12-11T17:14:56+08:00][info] [ VIEW ] /yd/php/tp6.0/view/login/login.html [ array (
) ]
[2019-12-11T17:14:57+08:00][info] [ VIEW ] /yd/php/tp6.0/view/login/login.html [ array (
) ]
[2019-12-11T17:15:10+08:00][info] [ VIEW ] /yd/php/tp6.0/view/login/login.html [ array (
) ]
[2019-12-11T17:15:23+08:00][info] [ VIEW ] /yd/php/tp6.0/view/login/login.html [ array (
) ]
[2019-12-11T17:15:24+08:00][info] [ VIEW ] /yd/php/tp6.0/view/login/login.html [ array (
) ]
[2019-12-11T17:15:26+08:00][info] [ VIEW ] /yd/php/tp6.0/view/login/login.html [ array (
) ]
[2019-12-11T17:15:27+08:00][info] [ VIEW ] /yd/php/tp6.0/view/login/login.html [ array (
) ]
[2019-12-11T17:15:31+08:00][info] [ VIEW ] /yd/php/tp6.0/view/login/login.html [ array (
) ]
[2019-12-11T17:16:05+08:00][info] [ VIEW ] /yd/php/tp6.0/view/login/login.html [ array (
) ]
[2019-12-11T17:16:07+08:00][info] [ VIEW ] /yd/php/tp6.0/view/login/login.html [ array (
) ]
[2019-12-11T17:16:11+08:00][info] [ VIEW ] /yd/php/tp6.0/view/login/login.html [ array (
) ]
[2019-12-11T17:16:13+08:00][info] [ VIEW ] /yd/php/tp6.0/view/login/login.html [ array (
) ]
[2019-12-11T17:16:27+08:00][info] [ VIEW ] /yd/php/tp6.0/view/login/login.html [ array (
) ]
[2019-12-11T17:16:29+08:00][info] [ VIEW ] /yd/php/tp6.0/view/login/login.html [ array (
) ]
[2019-12-11T17:16:29+08:00][info] [ VIEW ] /yd/php/tp6.0/view/login/login.html [ array (
) ]
[2019-12-11T17:16:30+08:00][info] [ VIEW ] /yd/php/tp6.0/view/login/login.html [ array (
) ]
[2019-12-11T17:16:31+08:00][info] [ VIEW ] /yd/php/tp6.0/view/login/login.html [ array (
) ]
[2019-12-11T17:16:32+08:00][info] [ VIEW ] /yd/php/tp6.0/view/login/login.html [ array (
) ]
[2019-12-11T17:16:34+08:00][info] [ VIEW ] /yd/php/tp6.0/view/login/login.html [ array (
) ]
[2019-12-11T17:16:35+08:00][info] [ VIEW ] /yd/php/tp6.0/view/login/login.html [ array (
) ]
[2019-12-11T17:16:35+08:00][info] [ VIEW ] /yd/php/tp6.0/view/login/login.html [ array (
) ]
[2019-12-11T17:16:44+08:00][info] [ VIEW ] /yd/php/tp6.0/view/login/login.html [ array (
) ]
[2019-12-11T17:16:53+08:00][info] [ VIEW ] /yd/php/tp6.0/view/login/login.html [ array (
) ]
[2019-12-11T17:17:05+08:00][info] [ VIEW ] /yd/php/tp6.0/view/login/login.html [ array (
) ]
[2019-12-11T17:17:56+08:00][info] [ VIEW ] /yd/php/tp6.0/view/login/login.html [ array (
) ]
[2019-12-11T17:17:57+08:00][info] [ VIEW ] /yd/php/tp6.0/view/login/login.html [ array (
) ]
[2019-12-11T17:17:59+08:00][info] [ VIEW ] /yd/php/tp6.0/view/login/login.html [ array (
) ]
[2019-12-11T17:17:59+08:00][info] [ VIEW ] /yd/php/tp6.0/view/login/login.html [ array (
) ]
[2019-12-11T17:18:02+08:00][info] [ VIEW ] /yd/php/tp6.0/view/login/login.html [ array (
) ]
[2019-12-11T17:18:36+08:00][info] [ VIEW ] /yd/php/tp6.0/view/login/login.html [ array (
) ]
[2019-12-11T17:18:38+08:00][info] [ VIEW ] /yd/php/tp6.0/view/login/login.html [ array (
) ]
[2019-12-11T17:19:08+08:00][info] [ VIEW ] /yd/php/tp6.0/view/login/login.html [ array (
) ]
[2019-12-11T17:19:51+08:00][info] [ VIEW ] /yd/php/tp6.0/view/login/login.html [ array (
) ]
[2019-12-11T17:20:51+08:00][info] [ VIEW ] /yd/php/tp6.0/view/login/login.html [ array (
) ]
[2019-12-11T17:21:57+08:00][info] [ VIEW ] /yd/php/tp6.0/view/login/login.html [ array (
) ]
[2019-12-11T17:22:12+08:00][info] [ VIEW ] /yd/php/tp6.0/view/login/login.html [ array (
) ]
[2019-12-11T17:22:13+08:00][info] [ VIEW ] /yd/php/tp6.0/view/login/login.html [ array (
) ]
[2019-12-11T17:22:15+08:00][info] [ VIEW ] /yd/php/tp6.0/view/login/login.html [ array (
) ]
[2019-12-11T17:22:16+08:00][info] [ VIEW ] /yd/php/tp6.0/view/login/login.html [ array (
) ]
[2019-12-11T17:22:16+08:00][info] [ VIEW ] /yd/php/tp6.0/view/login/login.html [ array (
) ]
[2019-12-11T17:22:16+08:00][info] [ VIEW ] /yd/php/tp6.0/view/login/login.html [ array (
) ]
[2019-12-11T17:22:17+08:00][info] [ VIEW ] /yd/php/tp6.0/view/login/login.html [ array (
) ]
[2019-12-11T17:22:50+08:00][info] [ VIEW ] /yd/php/tp6.0/view/login/login.html [ array (
) ]
[2019-12-11T17:22:51+08:00][info] [ VIEW ] /yd/php/tp6.0/view/login/login.html [ array (
) ]
[2019-12-11T17:22:52+08:00][info] [ VIEW ] /yd/php/tp6.0/view/login/login.html [ array (
) ]
[2019-12-11T17:22:53+08:00][info] [ VIEW ] /yd/php/tp6.0/view/login/login.html [ array (
) ]
[2019-12-11T17:22:53+08:00][info] [ VIEW ] /yd/php/tp6.0/view/login/login.html [ array (
) ]
[2019-12-11T17:22:54+08:00][info] [ VIEW ] /yd/php/tp6.0/view/login/login.html [ array (
) ]
[2019-12-11T17:24:01+08:00][info] [ VIEW ] /yd/php/tp6.0/view/login/login.html [ array (
) ]
[2019-12-11T17:24:02+08:00][info] [ VIEW ] /yd/php/tp6.0/view/login/login.html [ array (
) ]
[2019-12-11T17:24:25+08:00][info] [ VIEW ] /yd/php/tp6.0/view/login/login.html [ array (
) ]
[2019-12-11T17:24:25+08:00][info] [ VIEW ] /yd/php/tp6.0/view/login/login.html [ array (
) ]
[2019-12-11T17:24:28+08:00][info] [ VIEW ] /yd/php/tp6.0/view/login/login.html [ array (
) ]
[2019-12-11T17:24:29+08:00][info] [ VIEW ] /yd/php/tp6.0/view/login/login.html [ array (
) ]
[2019-12-11T17:24:29+08:00][info] [ VIEW ] /yd/php/tp6.0/view/login/login.html [ array (
) ]
[2019-12-11T17:24:30+08:00][info] [ VIEW ] /yd/php/tp6.0/view/login/login.html [ array (
) ]
[2019-12-11T17:24:30+08:00][info] [ VIEW ] /yd/php/tp6.0/view/login/login.html [ array (
) ]
[2019-12-11T17:24:31+08:00][info] [ VIEW ] /yd/php/tp6.0/view/login/login.html [ array (
) ]
[2019-12-11T17:25:32+08:00][info] [ VIEW ] /yd/php/tp6.0/view/login/login.html [ array (
) ]
[2019-12-11T17:37:32+08:00][info] [ VIEW ] /yd/php/tp6.0/view/login/login.html [ array (
) ]
[2019-12-11T17:37:34+08:00][info] [ VIEW ] /yd/php/tp6.0/view/login/login.html [ array (
) ]
[2019-12-11T17:38:05+08:00][info] [ VIEW ] /yd/php/tp6.0/view/login/login.html [ array (
) ]
[2019-12-11T17:39:10+08:00][info] [ VIEW ] /yd/php/tp6.0/view/login/login.html [ array (
) ]
[2019-12-11T17:39:11+08:00][info] [ VIEW ] /yd/php/tp6.0/view/login/login.html [ array (
) ]
[2019-12-11T17:39:46+08:00][info] [ VIEW ] /yd/php/tp6.0/view/login/login.html [ array (
) ]
[2019-12-11T17:40:01+08:00][info] [ VIEW ] /yd/php/tp6.0/view/login/login.html [ array (
) ]
[2019-12-11T17:41:27+08:00][error] [8]未定义数组索引: [/yd/php/tp6.0/app/controller/Login.php:19]
[2019-12-11T18:08:57+08:00][info] [ VIEW ] /yd/php/tp6.0/view/login/login.html [ array (
) ]
[2019-12-11T18:29:04+08:00][info] [ VIEW ] /yd/php/tp6.0/view/login/login.html [ array (
) ]
[2019-12-11T18:29:29+08:00][sql] CONNECT:[ UseTime:0.000536s ] mysql:host=127.0.0.1;port=3306;dbname=demo;charset=utf8
[2019-12-11T18:29:29+08:00][sql] SHOW FULL COLUMNS FROM `demo_user` [ RunTime:0.000626s ]
[2019-12-11T18:29:29+08:00][error] [0]Too few arguments to function app\model\BaseModel::findOne(), 0 passed in /yd/php/tp6.0/app/controller/Login.php on line 23 and at least 1 expected[/yd/php/tp6.0/app/model/BaseModel.php:16]
[2019-12-11T18:31:09+08:00][info] [ VIEW ] /yd/php/tp6.0/view/login/login.html [ array (
) ]
[2019-12-11T18:31:25+08:00][sql] CONNECT:[ UseTime:0.000409s ] mysql:host=127.0.0.1;port=3306;dbname=demo;charset=utf8
[2019-12-11T18:31:25+08:00][sql] SHOW FULL COLUMNS FROM `demo_user` [ RunTime:0.000445s ]
[2019-12-11T18:31:25+08:00][sql] SELECT * FROM `demo_user` WHERE  `user_name` = '111' LIMIT 1 [ RunTime:0.000276s ]
[2019-12-11T18:32:20+08:00][info] [ VIEW ] /yd/php/tp6.0/view/login/login.html [ array (
) ]
[2019-12-11T18:33:44+08:00][info] [ VIEW ] /yd/php/tp6.0/view/login/login.html [ array (
) ]
[2019-12-11T18:35:27+08:00][info] [ VIEW ] /yd/php/tp6.0/view/login/login.html [ array (
) ]
[2019-12-11T18:35:38+08:00][sql] CONNECT:[ UseTime:0.000328s ] mysql:host=127.0.0.1;port=3306;dbname=demo;charset=utf8
[2019-12-11T18:35:38+08:00][sql] SHOW FULL COLUMNS FROM `demo_user` [ RunTime:0.000396s ]
[2019-12-11T18:35:38+08:00][sql] SELECT * FROM `demo_user` WHERE  `user_name` = '111' LIMIT 1 [ RunTime:0.000206s ]
[2019-12-11T18:36:39+08:00][info] [ VIEW ] /yd/php/tp6.0/view/login/login.html [ array (
) ]
[2019-12-11T18:37:00+08:00][sql] CONNECT:[ UseTime:0.000392s ] mysql:host=127.0.0.1;port=3306;dbname=demo;charset=utf8
[2019-12-11T18:37:00+08:00][sql] SHOW FULL COLUMNS FROM `demo_user` [ RunTime:0.000404s ]
[2019-12-11T18:37:00+08:00][sql] SELECT * FROM `demo_user` WHERE  `user_name` = '111' LIMIT 1 [ RunTime:0.000249s ]
[2019-12-11T18:38:20+08:00][info] [ VIEW ] /yd/php/tp6.0/view/login/login.html [ array (
) ]
[2019-12-11T18:39:01+08:00][sql] CONNECT:[ UseTime:0.000285s ] mysql:host=127.0.0.1;port=3306;dbname=demo;charset=utf8
[2019-12-11T18:39:01+08:00][sql] SHOW FULL COLUMNS FROM `demo_user` [ RunTime:0.000421s ]
[2019-12-11T18:39:01+08:00][sql] SELECT * FROM `demo_user` WHERE  `user_name` = 'admin' LIMIT 1 [ RunTime:0.000254s ]
[2019-12-11T18:39:25+08:00][sql] CONNECT:[ UseTime:0.000298s ] mysql:host=127.0.0.1;port=3306;dbname=demo;charset=utf8
[2019-12-11T18:39:25+08:00][sql] SHOW FULL COLUMNS FROM `demo_user` [ RunTime:0.000394s ]
[2019-12-11T18:39:25+08:00][sql] SELECT * FROM `demo_user` WHERE  `user_name` = 'admin' LIMIT 1 [ RunTime:0.000212s ]
[2019-12-11T18:43:17+08:00][info] [ VIEW ] /yd/php/tp6.0/view/index/index.html [ array (
) ]
