[2019-12-13T09:36:18+08:00][sql] CONNECT:[ UseTime:0.000335s ] mysql:host=127.0.0.1;port=3306;dbname=demo;charset=utf8
[2019-12-13T09:36:18+08:00][sql] SHOW FULL COLUMNS FROM `demo_auth_group_access` [ RunTime:0.000348s ]
[2019-12-13T09:36:18+08:00][sql] SELECT `group_id` FROM `demo_auth_group_access` WHERE  `uid` IS NULL LIMIT 1 [ RunTime:0.000158s ]
[2019-12-13T09:36:18+08:00][sql] SHOW FULL COLUMNS FROM `demo_auth_group` [ RunTime:0.000307s ]
[2019-12-13T09:36:18+08:00][sql] SELECT `rules` FROM `demo_auth_group` WHERE  `id` IS NULL  AND `status` = 1 LIMIT 1 [ RunTime:0.000160s ]
[2019-12-13T09:36:18+08:00][sql] SHOW FULL COLUMNS FROM `demo_auth_rule` [ RunTime:0.000327s ]
[2019-12-13T09:36:18+08:00][error] [0]explode() expects parameter 2 to be string, null given[/yd/php/tp6.0/vendor/topthink/think-orm/src/db/Builder.php:755]
[2019-12-13T09:36:27+08:00][info] [ VIEW ] /yd/php/tp6.0/view/login/login.html [ array (
) ]
[2019-12-13T09:36:31+08:00][sql] CONNECT:[ UseTime:0.000422s ] mysql:host=127.0.0.1;port=3306;dbname=demo;charset=utf8
[2019-12-13T09:36:31+08:00][sql] SHOW FULL COLUMNS FROM `demo_user` [ RunTime:0.087852s ]
[2019-12-13T09:36:31+08:00][sql] SELECT * FROM `demo_user` WHERE  `user_name` = 'admin' LIMIT 1 [ RunTime:0.000430s ]
[2019-12-13T09:36:31+08:00][sql] CONNECT:[ UseTime:0.000366s ] mysql:host=127.0.0.1;port=3306;dbname=demo;charset=utf8
[2019-12-13T09:36:31+08:00][sql] SHOW FULL COLUMNS FROM `demo_auth_group_access` [ RunTime:0.000429s ]
[2019-12-13T09:36:31+08:00][sql] SELECT `group_id` FROM `demo_auth_group_access` WHERE  `uid` = 1 LIMIT 1 [ RunTime:0.000279s ]
[2019-12-13T09:36:31+08:00][sql] SHOW FULL COLUMNS FROM `demo_auth_group` [ RunTime:0.000480s ]
[2019-12-13T09:36:31+08:00][sql] SELECT `rules` FROM `demo_auth_group` WHERE  `id` = 1  AND `status` = 1 LIMIT 1 [ RunTime:0.000371s ]
[2019-12-13T09:36:31+08:00][sql] SHOW FULL COLUMNS FROM `demo_auth_rule` [ RunTime:0.000439s ]
[2019-12-13T09:36:31+08:00][sql] SELECT * FROM `demo_auth_rule` WHERE  `id` IN (1,2)  AND `type` = 1 [ RunTime:0.000604s ]
[2019-12-13T09:36:31+08:00][info] [ VIEW ] /yd/php/tp6.0/view/index/index.html [ array (
  0 => 'menus',
) ]
[2019-12-13T09:36:33+08:00][sql] CONNECT:[ UseTime:0.000329s ] mysql:host=127.0.0.1;port=3306;dbname=demo;charset=utf8
[2019-12-13T09:36:33+08:00][sql] SHOW FULL COLUMNS FROM `demo_auth_group_access` [ RunTime:0.000382s ]
[2019-12-13T09:36:33+08:00][sql] SELECT `group_id` FROM `demo_auth_group_access` WHERE  `uid` = 1 LIMIT 1 [ RunTime:0.000244s ]
[2019-12-13T09:36:33+08:00][sql] SHOW FULL COLUMNS FROM `demo_auth_group` [ RunTime:0.000321s ]
[2019-12-13T09:36:33+08:00][sql] SELECT `rules` FROM `demo_auth_group` WHERE  `id` = 1  AND `status` = 1 LIMIT 1 [ RunTime:0.000338s ]
[2019-12-13T09:36:33+08:00][sql] SHOW FULL COLUMNS FROM `demo_auth_rule` [ RunTime:0.000422s ]
[2019-12-13T09:36:33+08:00][sql] SELECT * FROM `demo_auth_rule` WHERE  `id` IN (1,2)  AND `type` = 1 [ RunTime:0.000230s ]
[2019-12-13T09:36:33+08:00][info] [ VIEW ] /yd/php/tp6.0/view/auth/menu.html [ array (
  0 => 'menus',
) ]
[2019-12-13T09:44:49+08:00][sql] CONNECT:[ UseTime:0.000405s ] mysql:host=127.0.0.1;port=3306;dbname=demo;charset=utf8
[2019-12-13T09:44:49+08:00][sql] SHOW FULL COLUMNS FROM `demo_auth_group_access` [ RunTime:0.000441s ]
[2019-12-13T09:44:49+08:00][sql] SELECT `group_id` FROM `demo_auth_group_access` WHERE  `uid` = 1 LIMIT 1 [ RunTime:0.000328s ]
[2019-12-13T09:44:49+08:00][sql] SHOW FULL COLUMNS FROM `demo_auth_group` [ RunTime:0.000420s ]
[2019-12-13T09:44:49+08:00][sql] SELECT `rules` FROM `demo_auth_group` WHERE  `id` = 1  AND `status` = 1 LIMIT 1 [ RunTime:0.000314s ]
[2019-12-13T09:44:49+08:00][sql] SHOW FULL COLUMNS FROM `demo_auth_rule` [ RunTime:0.000588s ]
[2019-12-13T09:44:49+08:00][sql] SELECT * FROM `demo_auth_rule` WHERE  `id` IN (1,2)  AND `type` = 1 [ RunTime:0.000376s ]
[2019-12-13T09:44:49+08:00][info] [ VIEW ] /yd/php/tp6.0/view/auth/menu.html [ array (
  0 => 'menus',
) ]
[2019-12-13T09:48:02+08:00][sql] CONNECT:[ UseTime:0.000435s ] mysql:host=127.0.0.1;port=3306;dbname=demo;charset=utf8
[2019-12-13T09:48:02+08:00][sql] SHOW FULL COLUMNS FROM `demo_auth_group_access` [ RunTime:0.000662s ]
[2019-12-13T09:48:02+08:00][sql] SELECT `group_id` FROM `demo_auth_group_access` WHERE  `uid` = 1 LIMIT 1 [ RunTime:0.000318s ]
[2019-12-13T09:48:02+08:00][sql] SHOW FULL COLUMNS FROM `demo_auth_group` [ RunTime:0.000448s ]
[2019-12-13T09:48:02+08:00][sql] SELECT `rules` FROM `demo_auth_group` WHERE  `id` = 1  AND `status` = 1 LIMIT 1 [ RunTime:0.000253s ]
[2019-12-13T09:48:02+08:00][sql] SHOW FULL COLUMNS FROM `demo_auth_rule` [ RunTime:0.000461s ]
[2019-12-13T09:48:02+08:00][sql] SELECT * FROM `demo_auth_rule` WHERE  `id` IN (1,2)  AND `type` = 1 [ RunTime:0.000337s ]
[2019-12-13T09:48:02+08:00][info] [ VIEW ] /yd/php/tp6.0/view/auth/menu.html [ array (
  0 => 'menus',
) ]
[2019-12-13T09:51:07+08:00][sql] CONNECT:[ UseTime:0.000366s ] mysql:host=127.0.0.1;port=3306;dbname=demo;charset=utf8
[2019-12-13T09:51:07+08:00][sql] SHOW FULL COLUMNS FROM `demo_auth_group_access` [ RunTime:0.000347s ]
[2019-12-13T09:51:07+08:00][sql] SELECT `group_id` FROM `demo_auth_group_access` WHERE  `uid` = 1 LIMIT 1 [ RunTime:0.000238s ]
[2019-12-13T09:51:07+08:00][sql] SHOW FULL COLUMNS FROM `demo_auth_group` [ RunTime:0.000356s ]
[2019-12-13T09:51:07+08:00][sql] SELECT `rules` FROM `demo_auth_group` WHERE  `id` = 1  AND `status` = 1 LIMIT 1 [ RunTime:0.000240s ]
[2019-12-13T09:51:07+08:00][sql] SHOW FULL COLUMNS FROM `demo_auth_rule` [ RunTime:0.000326s ]
[2019-12-13T09:51:07+08:00][sql] SELECT * FROM `demo_auth_rule` WHERE  `id` IN (1,2)  AND `type` = 1 [ RunTime:0.000267s ]
[2019-12-13T09:51:07+08:00][info] [ VIEW ] /yd/php/tp6.0/view/auth/menu.html [ array (
  0 => 'menus',
) ]
[2019-12-13T09:51:14+08:00][sql] CONNECT:[ UseTime:0.000310s ] mysql:host=127.0.0.1;port=3306;dbname=demo;charset=utf8
[2019-12-13T09:51:14+08:00][sql] SHOW FULL COLUMNS FROM `demo_auth_group_access` [ RunTime:0.000352s ]
[2019-12-13T09:51:14+08:00][sql] SELECT `group_id` FROM `demo_auth_group_access` WHERE  `uid` = 1 LIMIT 1 [ RunTime:0.000180s ]
[2019-12-13T09:51:14+08:00][sql] SHOW FULL COLUMNS FROM `demo_auth_group` [ RunTime:0.000318s ]
[2019-12-13T09:51:14+08:00][sql] SELECT `rules` FROM `demo_auth_group` WHERE  `id` = 1  AND `status` = 1 LIMIT 1 [ RunTime:0.000219s ]
[2019-12-13T09:51:14+08:00][sql] SHOW FULL COLUMNS FROM `demo_auth_rule` [ RunTime:0.000450s ]
[2019-12-13T09:51:14+08:00][sql] SELECT * FROM `demo_auth_rule` WHERE  `id` IN (1,2)  AND `type` = 1 [ RunTime:0.000371s ]
[2019-12-13T09:51:14+08:00][info] [ VIEW ] /yd/php/tp6.0/view/auth/menu.html [ array (
  0 => 'menus',
) ]
[2019-12-13T09:51:27+08:00][sql] CONNECT:[ UseTime:0.000661s ] mysql:host=127.0.0.1;port=3306;dbname=demo;charset=utf8
[2019-12-13T09:51:27+08:00][sql] SHOW FULL COLUMNS FROM `demo_auth_group_access` [ RunTime:0.000554s ]
[2019-12-13T09:51:27+08:00][sql] SELECT `group_id` FROM `demo_auth_group_access` WHERE  `uid` = 1 LIMIT 1 [ RunTime:0.000271s ]
[2019-12-13T09:51:27+08:00][sql] SHOW FULL COLUMNS FROM `demo_auth_group` [ RunTime:0.000446s ]
[2019-12-13T09:51:27+08:00][sql] SELECT `rules` FROM `demo_auth_group` WHERE  `id` = 1  AND `status` = 1 LIMIT 1 [ RunTime:0.000562s ]
[2019-12-13T09:51:27+08:00][sql] SHOW FULL COLUMNS FROM `demo_auth_rule` [ RunTime:0.000737s ]
[2019-12-13T09:51:27+08:00][sql] SELECT * FROM `demo_auth_rule` WHERE  `id` IN (1,2)  AND `type` = 1 [ RunTime:0.000722s ]
[2019-12-13T09:51:27+08:00][info] [ VIEW ] /yd/php/tp6.0/view/auth/menu.html [ array (
  0 => 'menus',
) ]
[2019-12-13T09:51:49+08:00][sql] CONNECT:[ UseTime:0.000296s ] mysql:host=127.0.0.1;port=3306;dbname=demo;charset=utf8
[2019-12-13T09:51:49+08:00][sql] SHOW FULL COLUMNS FROM `demo_auth_group_access` [ RunTime:0.000470s ]
[2019-12-13T09:51:49+08:00][sql] SELECT `group_id` FROM `demo_auth_group_access` WHERE  `uid` = 1 LIMIT 1 [ RunTime:0.000358s ]
[2019-12-13T09:51:49+08:00][sql] SHOW FULL COLUMNS FROM `demo_auth_group` [ RunTime:0.000375s ]
[2019-12-13T09:51:49+08:00][sql] SELECT `rules` FROM `demo_auth_group` WHERE  `id` = 1  AND `status` = 1 LIMIT 1 [ RunTime:0.000175s ]
[2019-12-13T09:51:49+08:00][sql] SHOW FULL COLUMNS FROM `demo_auth_rule` [ RunTime:0.000317s ]
[2019-12-13T09:51:49+08:00][sql] SELECT * FROM `demo_auth_rule` WHERE  `id` IN (1,2)  AND `type` = 1 [ RunTime:0.000253s ]
[2019-12-13T09:51:49+08:00][info] [ VIEW ] /yd/php/tp6.0/view/auth/menu.html [ array (
  0 => 'menus',
) ]
[2019-12-13T09:52:31+08:00][sql] CONNECT:[ UseTime:0.000460s ] mysql:host=127.0.0.1;port=3306;dbname=demo;charset=utf8
[2019-12-13T09:52:31+08:00][sql] SHOW FULL COLUMNS FROM `demo_auth_group_access` [ RunTime:0.000669s ]
[2019-12-13T09:52:31+08:00][sql] SELECT `group_id` FROM `demo_auth_group_access` WHERE  `uid` = 1 LIMIT 1 [ RunTime:0.000273s ]
[2019-12-13T09:52:31+08:00][sql] SHOW FULL COLUMNS FROM `demo_auth_group` [ RunTime:0.000427s ]
[2019-12-13T09:52:31+08:00][sql] SELECT `rules` FROM `demo_auth_group` WHERE  `id` = 1  AND `status` = 1 LIMIT 1 [ RunTime:0.000345s ]
[2019-12-13T09:52:31+08:00][sql] SHOW FULL COLUMNS FROM `demo_auth_rule` [ RunTime:0.000457s ]
[2019-12-13T09:52:31+08:00][sql] SELECT * FROM `demo_auth_rule` WHERE  `id` IN (1,2)  AND `type` = 1 [ RunTime:0.000384s ]
[2019-12-13T09:52:31+08:00][info] [ VIEW ] /yd/php/tp6.0/view/auth/menu.html [ array (
  0 => 'menus',
) ]
[2019-12-13T09:54:07+08:00][sql] CONNECT:[ UseTime:0.000301s ] mysql:host=127.0.0.1;port=3306;dbname=demo;charset=utf8
[2019-12-13T09:54:07+08:00][sql] SHOW FULL COLUMNS FROM `demo_auth_group_access` [ RunTime:0.000382s ]
[2019-12-13T09:54:07+08:00][sql] SELECT `group_id` FROM `demo_auth_group_access` WHERE  `uid` = 1 LIMIT 1 [ RunTime:0.000262s ]
[2019-12-13T09:54:07+08:00][sql] SHOW FULL COLUMNS FROM `demo_auth_group` [ RunTime:0.000323s ]
[2019-12-13T09:54:07+08:00][sql] SELECT `rules` FROM `demo_auth_group` WHERE  `id` = 1  AND `status` = 1 LIMIT 1 [ RunTime:0.000215s ]
[2019-12-13T09:54:07+08:00][sql] SHOW FULL COLUMNS FROM `demo_auth_rule` [ RunTime:0.000322s ]
[2019-12-13T09:54:07+08:00][sql] SELECT * FROM `demo_auth_rule` WHERE  `id` IN (1,2)  AND `type` = 1 [ RunTime:0.000209s ]
[2019-12-13T09:54:07+08:00][info] [ VIEW ] /yd/php/tp6.0/view/auth/menu.html [ array (
  0 => 'menus',
) ]
[2019-12-13T09:56:11+08:00][sql] CONNECT:[ UseTime:0.000464s ] mysql:host=127.0.0.1;port=3306;dbname=demo;charset=utf8
[2019-12-13T09:56:11+08:00][sql] SHOW FULL COLUMNS FROM `demo_auth_group_access` [ RunTime:0.000530s ]
[2019-12-13T09:56:11+08:00][sql] SELECT `group_id` FROM `demo_auth_group_access` WHERE  `uid` = 1 LIMIT 1 [ RunTime:0.000299s ]
[2019-12-13T09:56:11+08:00][sql] SHOW FULL COLUMNS FROM `demo_auth_group` [ RunTime:0.000418s ]
[2019-12-13T09:56:11+08:00][sql] SELECT `rules` FROM `demo_auth_group` WHERE  `id` = 1  AND `status` = 1 LIMIT 1 [ RunTime:0.000352s ]
[2019-12-13T09:56:11+08:00][sql] SHOW FULL COLUMNS FROM `demo_auth_rule` [ RunTime:0.000437s ]
[2019-12-13T09:56:11+08:00][sql] SELECT * FROM `demo_auth_rule` WHERE  `id` IN (1,2)  AND `type` = 1 [ RunTime:0.000374s ]
[2019-12-13T09:56:11+08:00][info] [ VIEW ] /yd/php/tp6.0/view/auth/menu.html [ array (
  0 => 'menus',
) ]
[2019-12-13T09:56:29+08:00][sql] CONNECT:[ UseTime:0.000322s ] mysql:host=127.0.0.1;port=3306;dbname=demo;charset=utf8
[2019-12-13T09:56:29+08:00][sql] SHOW FULL COLUMNS FROM `demo_auth_group_access` [ RunTime:0.000379s ]
[2019-12-13T09:56:29+08:00][sql] SELECT `group_id` FROM `demo_auth_group_access` WHERE  `uid` = 1 LIMIT 1 [ RunTime:0.000227s ]
[2019-12-13T09:56:29+08:00][sql] SHOW FULL COLUMNS FROM `demo_auth_group` [ RunTime:0.000303s ]
[2019-12-13T09:56:29+08:00][sql] SELECT `rules` FROM `demo_auth_group` WHERE  `id` = 1  AND `status` = 1 LIMIT 1 [ RunTime:0.000205s ]
[2019-12-13T09:56:29+08:00][sql] SHOW FULL COLUMNS FROM `demo_auth_rule` [ RunTime:0.000326s ]
[2019-12-13T09:56:29+08:00][sql] SELECT * FROM `demo_auth_rule` WHERE  `id` IN (1,2,3)  AND `type` = 1 [ RunTime:0.000195s ]
[2019-12-13T09:56:29+08:00][info] [ VIEW ] /yd/php/tp6.0/view/auth/menu.html [ array (
  0 => 'menus',
) ]
[2019-12-13T09:56:39+08:00][sql] CONNECT:[ UseTime:0.000425s ] mysql:host=127.0.0.1;port=3306;dbname=demo;charset=utf8
[2019-12-13T09:56:39+08:00][sql] SHOW FULL COLUMNS FROM `demo_auth_group_access` [ RunTime:0.000459s ]
[2019-12-13T09:56:39+08:00][sql] SELECT `group_id` FROM `demo_auth_group_access` WHERE  `uid` = 1 LIMIT 1 [ RunTime:0.000254s ]
[2019-12-13T09:56:39+08:00][sql] SHOW FULL COLUMNS FROM `demo_auth_group` [ RunTime:0.000369s ]
[2019-12-13T09:56:39+08:00][sql] SELECT `rules` FROM `demo_auth_group` WHERE  `id` = 1  AND `status` = 1 LIMIT 1 [ RunTime:0.000321s ]
[2019-12-13T09:56:39+08:00][sql] SHOW FULL COLUMNS FROM `demo_auth_rule` [ RunTime:0.000416s ]
[2019-12-13T09:56:39+08:00][sql] SELECT * FROM `demo_auth_rule` WHERE  `id` IN (1,2,3)  AND `type` = 1 [ RunTime:0.000345s ]
[2019-12-13T09:56:39+08:00][info] [ VIEW ] /yd/php/tp6.0/view/index/index.html [ array (
  0 => 'menus',
) ]
[2019-12-13T09:56:40+08:00][sql] CONNECT:[ UseTime:0.000328s ] mysql:host=127.0.0.1;port=3306;dbname=demo;charset=utf8
[2019-12-13T09:56:40+08:00][sql] SHOW FULL COLUMNS FROM `demo_auth_group_access` [ RunTime:0.000355s ]
[2019-12-13T09:56:40+08:00][sql] SELECT `group_id` FROM `demo_auth_group_access` WHERE  `uid` = 1 LIMIT 1 [ RunTime:0.000177s ]
[2019-12-13T09:56:40+08:00][sql] SHOW FULL COLUMNS FROM `demo_auth_group` [ RunTime:0.000286s ]
[2019-12-13T09:56:40+08:00][sql] SELECT `rules` FROM `demo_auth_group` WHERE  `id` = 1  AND `status` = 1 LIMIT 1 [ RunTime:0.000225s ]
[2019-12-13T09:56:40+08:00][sql] SHOW FULL COLUMNS FROM `demo_auth_rule` [ RunTime:0.000374s ]
[2019-12-13T09:56:40+08:00][sql] SELECT * FROM `demo_auth_rule` WHERE  `id` IN (1,2,3)  AND `type` = 1 [ RunTime:0.000330s ]
[2019-12-13T09:56:40+08:00][info] [ VIEW ] /yd/php/tp6.0/view/auth/menu.html [ array (
  0 => 'menus',
) ]
[2019-12-13T09:57:55+08:00][error] [0]Argument 1 passed to app\controller\Auth::getMenuLists() must be of the type int, string given, called in /yd/php/tp6.0/app/controller/Auth.php on line 17[/yd/php/tp6.0/app/controller/Auth.php:24]
[2019-12-13T09:58:13+08:00][sql] CONNECT:[ UseTime:0.000288s ] mysql:host=127.0.0.1;port=3306;dbname=demo;charset=utf8
[2019-12-13T09:58:13+08:00][sql] SHOW FULL COLUMNS FROM `demo_auth_group_access` [ RunTime:0.000400s ]
[2019-12-13T09:58:13+08:00][sql] SELECT `group_id` FROM `demo_auth_group_access` WHERE  `uid` = 1 LIMIT 1 [ RunTime:0.000351s ]
[2019-12-13T09:58:13+08:00][sql] SHOW FULL COLUMNS FROM `demo_auth_group` [ RunTime:0.000434s ]
[2019-12-13T09:58:13+08:00][sql] SELECT `rules` FROM `demo_auth_group` WHERE  `id` = 1  AND `status` = 1 LIMIT 1 [ RunTime:0.000218s ]
[2019-12-13T09:58:13+08:00][sql] SHOW FULL COLUMNS FROM `demo_auth_rule` [ RunTime:0.000370s ]
[2019-12-13T09:58:13+08:00][sql] SELECT * FROM `demo_auth_rule` WHERE  `id` IN (1,2,3) [ RunTime:0.000235s ]
[2019-12-13T09:58:13+08:00][info] [ VIEW ] /yd/php/tp6.0/view/auth/menu.html [ array (
  0 => 'menus',
) ]
[2019-12-13T09:58:40+08:00][sql] CONNECT:[ UseTime:0.000301s ] mysql:host=127.0.0.1;port=3306;dbname=demo;charset=utf8
[2019-12-13T09:58:40+08:00][sql] SHOW FULL COLUMNS FROM `demo_auth_group_access` [ RunTime:0.000383s ]
[2019-12-13T09:58:40+08:00][sql] SELECT `group_id` FROM `demo_auth_group_access` WHERE  `uid` = 1 LIMIT 1 [ RunTime:0.000223s ]
[2019-12-13T09:58:40+08:00][sql] SHOW FULL COLUMNS FROM `demo_auth_group` [ RunTime:0.000390s ]
[2019-12-13T09:58:40+08:00][sql] SELECT `rules` FROM `demo_auth_group` WHERE  `id` = 1  AND `status` = 1 LIMIT 1 [ RunTime:0.000185s ]
[2019-12-13T09:58:40+08:00][sql] SHOW FULL COLUMNS FROM `demo_auth_rule` [ RunTime:0.000357s ]
[2019-12-13T09:58:40+08:00][sql] SELECT * FROM `demo_auth_rule` WHERE  `id` IN (1,2,3) [ RunTime:0.000236s ]
[2019-12-13T09:58:40+08:00][info] [ VIEW ] /yd/php/tp6.0/view/auth/menu.html [ array (
  0 => 'menus',
) ]
[2019-12-13T10:00:37+08:00][sql] CONNECT:[ UseTime:0.000355s ] mysql:host=127.0.0.1;port=3306;dbname=demo;charset=utf8
[2019-12-13T10:00:37+08:00][sql] SHOW FULL COLUMNS FROM `demo_auth_group_access` [ RunTime:0.000384s ]
[2019-12-13T10:00:37+08:00][sql] SELECT `group_id` FROM `demo_auth_group_access` WHERE  `uid` = 1 LIMIT 1 [ RunTime:0.000234s ]
[2019-12-13T10:00:37+08:00][sql] SHOW FULL COLUMNS FROM `demo_auth_group` [ RunTime:0.000323s ]
[2019-12-13T10:00:37+08:00][sql] SELECT `rules` FROM `demo_auth_group` WHERE  `id` = 1  AND `status` = 1 LIMIT 1 [ RunTime:0.000167s ]
[2019-12-13T10:00:37+08:00][sql] SHOW FULL COLUMNS FROM `demo_auth_rule` [ RunTime:0.000382s ]
[2019-12-13T10:00:37+08:00][sql] SELECT * FROM `demo_auth_rule` WHERE  `id` IN (1,2,3,4) [ RunTime:0.000234s ]
[2019-12-13T10:00:37+08:00][info] [ VIEW ] /yd/php/tp6.0/view/auth/menu.html [ array (
  0 => 'menus',
) ]
[2019-12-13T10:01:20+08:00][sql] CONNECT:[ UseTime:0.000337s ] mysql:host=127.0.0.1;port=3306;dbname=demo;charset=utf8
[2019-12-13T10:01:20+08:00][sql] SHOW FULL COLUMNS FROM `demo_auth_group_access` [ RunTime:0.000353s ]
[2019-12-13T10:01:20+08:00][sql] SELECT `group_id` FROM `demo_auth_group_access` WHERE  `uid` = 1 LIMIT 1 [ RunTime:0.000238s ]
[2019-12-13T10:01:20+08:00][sql] SHOW FULL COLUMNS FROM `demo_auth_group` [ RunTime:0.000321s ]
[2019-12-13T10:01:20+08:00][sql] SELECT `rules` FROM `demo_auth_group` WHERE  `id` = 1  AND `status` = 1 LIMIT 1 [ RunTime:0.000228s ]
[2019-12-13T10:01:20+08:00][sql] SHOW FULL COLUMNS FROM `demo_auth_rule` [ RunTime:0.000319s ]
[2019-12-13T10:01:20+08:00][sql] SELECT * FROM `demo_auth_rule` WHERE  `id` IN (1,2,3,4) [ RunTime:0.000324s ]
[2019-12-13T10:01:20+08:00][info] [ VIEW ] /yd/php/tp6.0/view/auth/menu.html [ array (
  0 => 'menus',
) ]
[2019-12-13T10:03:55+08:00][sql] CONNECT:[ UseTime:0.000325s ] mysql:host=127.0.0.1;port=3306;dbname=demo;charset=utf8
[2019-12-13T10:03:55+08:00][sql] SHOW FULL COLUMNS FROM `demo_auth_group_access` [ RunTime:0.000444s ]
[2019-12-13T10:03:55+08:00][sql] SELECT `group_id` FROM `demo_auth_group_access` WHERE  `uid` = 1 LIMIT 1 [ RunTime:0.000222s ]
[2019-12-13T10:03:55+08:00][sql] SHOW FULL COLUMNS FROM `demo_auth_group` [ RunTime:0.000477s ]
[2019-12-13T10:03:55+08:00][sql] SELECT `rules` FROM `demo_auth_group` WHERE  `id` = 1  AND `status` = 1 LIMIT 1 [ RunTime:0.000234s ]
[2019-12-13T10:03:55+08:00][sql] SHOW FULL COLUMNS FROM `demo_auth_rule` [ RunTime:0.000324s ]
[2019-12-13T10:03:55+08:00][sql] SELECT * FROM `demo_auth_rule` WHERE  `id` IN (1,2,3,4) [ RunTime:0.000225s ]
[2019-12-13T10:03:55+08:00][info] [ VIEW ] /yd/php/tp6.0/view/auth/menu.html [ array (
  0 => 'menus',
) ]
[2019-12-13T10:04:32+08:00][sql] CONNECT:[ UseTime:0.000293s ] mysql:host=127.0.0.1;port=3306;dbname=demo;charset=utf8
[2019-12-13T10:04:32+08:00][sql] SHOW FULL COLUMNS FROM `demo_auth_group_access` [ RunTime:0.000424s ]
[2019-12-13T10:04:32+08:00][sql] SELECT `group_id` FROM `demo_auth_group_access` WHERE  `uid` = 1 LIMIT 1 [ RunTime:0.000177s ]
[2019-12-13T10:04:32+08:00][sql] SHOW FULL COLUMNS FROM `demo_auth_group` [ RunTime:0.000649s ]
[2019-12-13T10:04:32+08:00][sql] SELECT `rules` FROM `demo_auth_group` WHERE  `id` = 1  AND `status` = 1 LIMIT 1 [ RunTime:0.000241s ]
[2019-12-13T10:04:32+08:00][sql] SHOW FULL COLUMNS FROM `demo_auth_rule` [ RunTime:0.000416s ]
[2019-12-13T10:04:32+08:00][sql] SELECT * FROM `demo_auth_rule` WHERE  `id` IN (1,2,3,4) [ RunTime:0.000386s ]
[2019-12-13T10:04:32+08:00][info] [ VIEW ] /yd/php/tp6.0/view/auth/menu.html [ array (
  0 => 'menus',
) ]
[2019-12-13T10:15:20+08:00][sql] CONNECT:[ UseTime:0.000299s ] mysql:host=127.0.0.1;port=3306;dbname=demo;charset=utf8
[2019-12-13T10:15:20+08:00][sql] SHOW FULL COLUMNS FROM `demo_auth_group_access` [ RunTime:0.000349s ]
[2019-12-13T10:15:20+08:00][sql] SELECT `group_id` FROM `demo_auth_group_access` WHERE  `uid` = 1 LIMIT 1 [ RunTime:0.000258s ]
[2019-12-13T10:15:20+08:00][sql] SHOW FULL COLUMNS FROM `demo_auth_group` [ RunTime:0.000450s ]
[2019-12-13T10:15:20+08:00][sql] SELECT `rules` FROM `demo_auth_group` WHERE  `id` = 1  AND `status` = 1 LIMIT 1 [ RunTime:0.000252s ]
[2019-12-13T10:15:20+08:00][sql] SHOW FULL COLUMNS FROM `demo_auth_rule` [ RunTime:0.000484s ]
[2019-12-13T10:15:20+08:00][sql] SELECT * FROM `demo_auth_rule` WHERE  `id` IN (1,2,3,4)  AND `type` = 1 [ RunTime:0.000268s ]
[2019-12-13T10:15:20+08:00][info] [ VIEW ] /yd/php/tp6.0/view/index/index.html [ array (
  0 => 'menus',
) ]
[2019-12-13T10:15:20+08:00][sql] CONNECT:[ UseTime:0.000318s ] mysql:host=127.0.0.1;port=3306;dbname=demo;charset=utf8
[2019-12-13T10:15:20+08:00][sql] SHOW FULL COLUMNS FROM `demo_auth_group_access` [ RunTime:0.000516s ]
[2019-12-13T10:15:20+08:00][sql] SELECT `group_id` FROM `demo_auth_group_access` WHERE  `uid` = 1 LIMIT 1 [ RunTime:0.000179s ]
[2019-12-13T10:15:20+08:00][sql] SHOW FULL COLUMNS FROM `demo_auth_group` [ RunTime:0.000470s ]
[2019-12-13T10:15:20+08:00][sql] SELECT `rules` FROM `demo_auth_group` WHERE  `id` = 1  AND `status` = 1 LIMIT 1 [ RunTime:0.000327s ]
[2019-12-13T10:15:20+08:00][sql] SHOW FULL COLUMNS FROM `demo_auth_rule` [ RunTime:0.000624s ]
[2019-12-13T10:15:20+08:00][sql] SELECT * FROM `demo_auth_rule` WHERE  `id` IN (1,2,3,4) [ RunTime:0.000423s ]
[2019-12-13T10:15:20+08:00][info] [ VIEW ] /yd/php/tp6.0/view/auth/menu.html [ array (
  0 => 'menus',
) ]
[2019-12-13T10:15:38+08:00][sql] CONNECT:[ UseTime:0.000400s ] mysql:host=127.0.0.1;port=3306;dbname=demo;charset=utf8
[2019-12-13T10:15:38+08:00][sql] SHOW FULL COLUMNS FROM `demo_auth_group_access` [ RunTime:0.000656s ]
[2019-12-13T10:15:38+08:00][sql] SELECT `group_id` FROM `demo_auth_group_access` WHERE  `uid` = 1 LIMIT 1 [ RunTime:0.000355s ]
[2019-12-13T10:15:38+08:00][sql] SHOW FULL COLUMNS FROM `demo_auth_group` [ RunTime:0.000452s ]
[2019-12-13T10:15:38+08:00][sql] SELECT `rules` FROM `demo_auth_group` WHERE  `id` = 1  AND `status` = 1 LIMIT 1 [ RunTime:0.000258s ]
[2019-12-13T10:15:38+08:00][sql] SHOW FULL COLUMNS FROM `demo_auth_rule` [ RunTime:0.000467s ]
[2019-12-13T10:15:38+08:00][sql] SELECT * FROM `demo_auth_rule` WHERE  `id` IN (1,2,3,4) [ RunTime:0.000449s ]
[2019-12-13T10:15:38+08:00][info] [ VIEW ] /yd/php/tp6.0/view/auth/menu.html [ array (
  0 => 'menus',
) ]
[2019-12-13T10:15:41+08:00][sql] CONNECT:[ UseTime:0.000300s ] mysql:host=127.0.0.1;port=3306;dbname=demo;charset=utf8
[2019-12-13T10:15:41+08:00][sql] SHOW FULL COLUMNS FROM `demo_auth_group_access` [ RunTime:0.000352s ]
[2019-12-13T10:15:41+08:00][sql] SELECT `group_id` FROM `demo_auth_group_access` WHERE  `uid` = 1 LIMIT 1 [ RunTime:0.000318s ]
[2019-12-13T10:15:41+08:00][sql] SHOW FULL COLUMNS FROM `demo_auth_group` [ RunTime:0.000353s ]
[2019-12-13T10:15:41+08:00][sql] SELECT `rules` FROM `demo_auth_group` WHERE  `id` = 1  AND `status` = 1 LIMIT 1 [ RunTime:0.000223s ]
[2019-12-13T10:15:41+08:00][sql] SHOW FULL COLUMNS FROM `demo_auth_rule` [ RunTime:0.000347s ]
[2019-12-13T10:15:41+08:00][sql] SELECT * FROM `demo_auth_rule` WHERE  `id` IN (1,2,3,4) [ RunTime:0.000243s ]
[2019-12-13T10:15:41+08:00][info] [ VIEW ] /yd/php/tp6.0/view/auth/menu.html [ array (
  0 => 'menus',
) ]
[2019-12-13T10:18:37+08:00][sql] CONNECT:[ UseTime:0.000446s ] mysql:host=127.0.0.1;port=3306;dbname=demo;charset=utf8
[2019-12-13T10:18:37+08:00][sql] SHOW FULL COLUMNS FROM `demo_auth_group_access` [ RunTime:0.000356s ]
[2019-12-13T10:18:37+08:00][sql] SELECT `group_id` FROM `demo_auth_group_access` WHERE  `uid` = 1 LIMIT 1 [ RunTime:0.000237s ]
[2019-12-13T10:18:37+08:00][sql] SHOW FULL COLUMNS FROM `demo_auth_group` [ RunTime:0.000325s ]
[2019-12-13T10:18:37+08:00][sql] SELECT `rules` FROM `demo_auth_group` WHERE  `id` = 1  AND `status` = 1 LIMIT 1 [ RunTime:0.000234s ]
[2019-12-13T10:18:37+08:00][sql] SHOW FULL COLUMNS FROM `demo_auth_rule` [ RunTime:0.000316s ]
[2019-12-13T10:18:37+08:00][sql] SELECT * FROM `demo_auth_rule` WHERE  `id` IN (1,2,3,4) [ RunTime:0.000240s ]
[2019-12-13T10:18:37+08:00][info] [ VIEW ] /yd/php/tp6.0/view/auth/menu.html [ array (
  0 => 'menus',
) ]
[2019-12-13T10:18:37+08:00][error] [2]Invalid argument supplied for foreach()[/yd/php/tp6.0/runtime/temp/ec46696657bbaefa7d1d204f690a3811.php:32]
[2019-12-13T10:20:21+08:00][sql] CONNECT:[ UseTime:0.000298s ] mysql:host=127.0.0.1;port=3306;dbname=demo;charset=utf8
[2019-12-13T10:20:21+08:00][sql] SHOW FULL COLUMNS FROM `demo_auth_group_access` [ RunTime:0.000460s ]
[2019-12-13T10:20:21+08:00][sql] SELECT `group_id` FROM `demo_auth_group_access` WHERE  `uid` = 1 LIMIT 1 [ RunTime:0.000177s ]
[2019-12-13T10:20:21+08:00][sql] SHOW FULL COLUMNS FROM `demo_auth_group` [ RunTime:0.000422s ]
[2019-12-13T10:20:21+08:00][sql] SELECT `rules` FROM `demo_auth_group` WHERE  `id` = 1  AND `status` = 1 LIMIT 1 [ RunTime:0.000228s ]
[2019-12-13T10:20:21+08:00][sql] SHOW FULL COLUMNS FROM `demo_auth_rule` [ RunTime:0.000374s ]
[2019-12-13T10:20:21+08:00][sql] SELECT * FROM `demo_auth_rule` WHERE  `id` IN (1,2,3,4) [ RunTime:0.000254s ]
[2019-12-13T10:20:21+08:00][info] [ VIEW ] /yd/php/tp6.0/view/auth/menu.html [ array (
  0 => 'menus',
) ]
[2019-12-13T10:20:21+08:00][error] [2]Invalid argument supplied for foreach()[/yd/php/tp6.0/runtime/temp/ec46696657bbaefa7d1d204f690a3811.php:32]
[2019-12-13T10:21:11+08:00][sql] CONNECT:[ UseTime:0.000510s ] mysql:host=127.0.0.1;port=3306;dbname=demo;charset=utf8
[2019-12-13T10:21:11+08:00][sql] SHOW FULL COLUMNS FROM `demo_auth_group_access` [ RunTime:0.000943s ]
[2019-12-13T10:21:11+08:00][sql] SELECT `group_id` FROM `demo_auth_group_access` WHERE  `uid` = 1 LIMIT 1 [ RunTime:0.000268s ]
[2019-12-13T10:21:11+08:00][sql] SHOW FULL COLUMNS FROM `demo_auth_group` [ RunTime:0.000828s ]
[2019-12-13T10:21:11+08:00][sql] SELECT `rules` FROM `demo_auth_group` WHERE  `id` = 1  AND `status` = 1 LIMIT 1 [ RunTime:0.000239s ]
[2019-12-13T10:21:11+08:00][sql] SHOW FULL COLUMNS FROM `demo_auth_rule` [ RunTime:0.000497s ]
[2019-12-13T10:21:11+08:00][sql] SELECT * FROM `demo_auth_rule` WHERE  `id` IN (1,2,3,4) [ RunTime:0.000242s ]
[2019-12-13T10:21:11+08:00][info] [ VIEW ] /yd/php/tp6.0/view/auth/menu.html [ array (
  0 => 'menus',
) ]
[2019-12-13T10:21:11+08:00][error] [2]Invalid argument supplied for foreach()[/yd/php/tp6.0/runtime/temp/ec46696657bbaefa7d1d204f690a3811.php:33]
[2019-12-13T10:21:17+08:00][sql] CONNECT:[ UseTime:0.000301s ] mysql:host=127.0.0.1;port=3306;dbname=demo;charset=utf8
[2019-12-13T10:21:17+08:00][sql] SHOW FULL COLUMNS FROM `demo_auth_group_access` [ RunTime:0.000434s ]
[2019-12-13T10:21:17+08:00][sql] SELECT `group_id` FROM `demo_auth_group_access` WHERE  `uid` = 1 LIMIT 1 [ RunTime:0.000187s ]
[2019-12-13T10:21:17+08:00][sql] SHOW FULL COLUMNS FROM `demo_auth_group` [ RunTime:0.000427s ]
[2019-12-13T10:21:17+08:00][sql] SELECT `rules` FROM `demo_auth_group` WHERE  `id` = 1  AND `status` = 1 LIMIT 1 [ RunTime:0.000179s ]
[2019-12-13T10:21:17+08:00][sql] SHOW FULL COLUMNS FROM `demo_auth_rule` [ RunTime:0.000363s ]
[2019-12-13T10:21:17+08:00][sql] SELECT * FROM `demo_auth_rule` WHERE  `id` IN (1,2,3,4) [ RunTime:0.000240s ]
[2019-12-13T10:21:17+08:00][info] [ VIEW ] /yd/php/tp6.0/view/auth/menu.html [ array (
  0 => 'menus',
) ]
[2019-12-13T10:21:17+08:00][error] [2]Invalid argument supplied for foreach()[/yd/php/tp6.0/runtime/temp/ec46696657bbaefa7d1d204f690a3811.php:33]
[2019-12-13T10:27:09+08:00][error] [2]call_user_func_array() expects parameter 1 to be a valid callback, class 'app\Request' does not have a method 'routeInfo'[/yd/php/tp6.0/vendor/topthink/framework/src/think/Facade.php:96]
[2019-12-13T10:27:15+08:00][error] [2]call_user_func_array() expects parameter 1 to be a valid callback, class 'app\Request' does not have a method 'routeInfo'[/yd/php/tp6.0/vendor/topthink/framework/src/think/Facade.php:96]
[2019-12-13T10:27:56+08:00][sql] CONNECT:[ UseTime:0.000305s ] mysql:host=127.0.0.1;port=3306;dbname=demo;charset=utf8
[2019-12-13T10:27:56+08:00][sql] SHOW FULL COLUMNS FROM `demo_auth_group_access` [ RunTime:0.000439s ]
[2019-12-13T10:27:56+08:00][sql] SELECT `group_id` FROM `demo_auth_group_access` WHERE  `uid` = 1 LIMIT 1 [ RunTime:0.000179s ]
[2019-12-13T10:27:56+08:00][sql] SHOW FULL COLUMNS FROM `demo_auth_group` [ RunTime:0.000479s ]
[2019-12-13T10:27:56+08:00][sql] SELECT `rules` FROM `demo_auth_group` WHERE  `id` = 1  AND `status` = 1 LIMIT 1 [ RunTime:0.000175s ]
[2019-12-13T10:27:56+08:00][sql] SHOW FULL COLUMNS FROM `demo_auth_rule` [ RunTime:0.000420s ]
[2019-12-13T10:27:56+08:00][sql] SELECT * FROM `demo_auth_rule` WHERE  `id` IN (1,2,3,4)  AND `type` = 1 [ RunTime:0.000360s ]
[2019-12-13T10:27:56+08:00][info] [ VIEW ] /yd/php/tp6.0/view/index/index.html [ array (
  0 => 'menus',
) ]
[2019-12-13T10:29:17+08:00][sql] CONNECT:[ UseTime:0.000492s ] mysql:host=127.0.0.1;port=3306;dbname=demo;charset=utf8
[2019-12-13T10:29:17+08:00][sql] SHOW FULL COLUMNS FROM `demo_auth_group_access` [ RunTime:0.000659s ]
[2019-12-13T10:29:17+08:00][sql] SELECT `group_id` FROM `demo_auth_group_access` WHERE  `uid` = 1 LIMIT 1 [ RunTime:0.000250s ]
[2019-12-13T10:29:17+08:00][sql] SHOW FULL COLUMNS FROM `demo_auth_group` [ RunTime:0.000579s ]
[2019-12-13T10:29:17+08:00][sql] SELECT `rules` FROM `demo_auth_group` WHERE  `id` = 1  AND `status` = 1 LIMIT 1 [ RunTime:0.000303s ]
[2019-12-13T10:29:17+08:00][sql] SHOW FULL COLUMNS FROM `demo_auth_rule` [ RunTime:0.000502s ]
[2019-12-13T10:29:17+08:00][sql] SELECT * FROM `demo_auth_rule` WHERE  `id` IN (1,2,3,4) [ RunTime:0.000327s ]
[2019-12-13T10:29:17+08:00][info] [ VIEW ] /yd/php/tp6.0/view/auth/menu.html [ array (
  0 => 'menus',
) ]
[2019-12-13T10:29:17+08:00][error] [2]Invalid argument supplied for foreach()[/yd/php/tp6.0/runtime/temp/ec46696657bbaefa7d1d204f690a3811.php:32]
[2019-12-13T10:29:20+08:00][sql] CONNECT:[ UseTime:0.000300s ] mysql:host=127.0.0.1;port=3306;dbname=demo;charset=utf8
[2019-12-13T10:29:20+08:00][sql] SHOW FULL COLUMNS FROM `demo_auth_group_access` [ RunTime:0.000435s ]
[2019-12-13T10:29:20+08:00][sql] SELECT `group_id` FROM `demo_auth_group_access` WHERE  `uid` = 1 LIMIT 1 [ RunTime:0.000184s ]
[2019-12-13T10:29:20+08:00][sql] SHOW FULL COLUMNS FROM `demo_auth_group` [ RunTime:0.000432s ]
[2019-12-13T10:29:20+08:00][sql] SELECT `rules` FROM `demo_auth_group` WHERE  `id` = 1  AND `status` = 1 LIMIT 1 [ RunTime:0.000219s ]
[2019-12-13T10:29:20+08:00][sql] SHOW FULL COLUMNS FROM `demo_auth_rule` [ RunTime:0.000585s ]
[2019-12-13T10:29:20+08:00][sql] SELECT * FROM `demo_auth_rule` WHERE  `id` IN (1,2,3,4) [ RunTime:0.000379s ]
[2019-12-13T10:29:20+08:00][info] [ VIEW ] /yd/php/tp6.0/view/auth/menu.html [ array (
  0 => 'menus',
) ]
[2019-12-13T10:29:20+08:00][error] [2]Invalid argument supplied for foreach()[/yd/php/tp6.0/runtime/temp/ec46696657bbaefa7d1d204f690a3811.php:32]
[2019-12-13T10:29:31+08:00][sql] CONNECT:[ UseTime:0.000320s ] mysql:host=127.0.0.1;port=3306;dbname=demo;charset=utf8
[2019-12-13T10:29:31+08:00][sql] SHOW FULL COLUMNS FROM `demo_auth_group_access` [ RunTime:0.000626s ]
[2019-12-13T10:29:31+08:00][sql] SELECT `group_id` FROM `demo_auth_group_access` WHERE  `uid` = 1 LIMIT 1 [ RunTime:0.000368s ]
[2019-12-13T10:29:31+08:00][sql] SHOW FULL COLUMNS FROM `demo_auth_group` [ RunTime:0.000553s ]
[2019-12-13T10:29:31+08:00][sql] SELECT `rules` FROM `demo_auth_group` WHERE  `id` = 1  AND `status` = 1 LIMIT 1 [ RunTime:0.000227s ]
[2019-12-13T10:29:31+08:00][sql] SHOW FULL COLUMNS FROM `demo_auth_rule` [ RunTime:0.000392s ]
[2019-12-13T10:29:31+08:00][sql] SELECT * FROM `demo_auth_rule` WHERE  `id` IN (1,2,3,4)  AND `type` = 1 [ RunTime:0.000215s ]
[2019-12-13T10:29:31+08:00][info] [ VIEW ] /yd/php/tp6.0/view/index/index.html [ array (
  0 => 'menus',
) ]
[2019-12-13T10:29:44+08:00][sql] CONNECT:[ UseTime:0.000541s ] mysql:host=127.0.0.1;port=3306;dbname=demo;charset=utf8
[2019-12-13T10:29:44+08:00][sql] SHOW FULL COLUMNS FROM `demo_auth_group_access` [ RunTime:0.000775s ]
[2019-12-13T10:29:44+08:00][sql] SELECT `group_id` FROM `demo_auth_group_access` WHERE  `uid` = 1 LIMIT 1 [ RunTime:0.000339s ]
[2019-12-13T10:29:44+08:00][sql] SHOW FULL COLUMNS FROM `demo_auth_group` [ RunTime:0.000556s ]
[2019-12-13T10:29:44+08:00][sql] SELECT `rules` FROM `demo_auth_group` WHERE  `id` = 1  AND `status` = 1 LIMIT 1 [ RunTime:0.000267s ]
[2019-12-13T10:29:44+08:00][sql] SHOW FULL COLUMNS FROM `demo_auth_rule` [ RunTime:0.000560s ]
[2019-12-13T10:29:44+08:00][sql] SELECT * FROM `demo_auth_rule` WHERE  `id` IN (1,2,3,4)  AND `type` = 1 [ RunTime:0.000357s ]
[2019-12-13T10:29:44+08:00][info] [ VIEW ] /yd/php/tp6.0/view/index/index.html [ array (
  0 => 'menus',
) ]
[2019-12-13T10:29:46+08:00][sql] CONNECT:[ UseTime:0.001060s ] mysql:host=127.0.0.1;port=3306;dbname=demo;charset=utf8
[2019-12-13T10:29:46+08:00][sql] SHOW FULL COLUMNS FROM `demo_auth_group_access` [ RunTime:0.000548s ]
[2019-12-13T10:29:46+08:00][sql] SELECT `group_id` FROM `demo_auth_group_access` WHERE  `uid` = 1 LIMIT 1 [ RunTime:0.000512s ]
[2019-12-13T10:29:46+08:00][sql] SHOW FULL COLUMNS FROM `demo_auth_group` [ RunTime:0.000552s ]
[2019-12-13T10:29:46+08:00][sql] SELECT `rules` FROM `demo_auth_group` WHERE  `id` = 1  AND `status` = 1 LIMIT 1 [ RunTime:0.000277s ]
[2019-12-13T10:29:46+08:00][sql] SHOW FULL COLUMNS FROM `demo_auth_rule` [ RunTime:0.000600s ]
[2019-12-13T10:29:46+08:00][sql] SELECT * FROM `demo_auth_rule` WHERE  `id` IN (1,2,3,4) [ RunTime:0.000345s ]
[2019-12-13T10:29:46+08:00][info] [ VIEW ] /yd/php/tp6.0/view/auth/menu.html [ array (
  0 => 'menus',
) ]
[2019-12-13T10:29:46+08:00][error] [2]Invalid argument supplied for foreach()[/yd/php/tp6.0/runtime/temp/ec46696657bbaefa7d1d204f690a3811.php:32]
[2019-12-13T10:30:23+08:00][sql] CONNECT:[ UseTime:0.000599s ] mysql:host=127.0.0.1;port=3306;dbname=demo;charset=utf8
[2019-12-13T10:30:23+08:00][sql] SHOW FULL COLUMNS FROM `demo_auth_group_access` [ RunTime:0.000962s ]
[2019-12-13T10:30:23+08:00][sql] SELECT `group_id` FROM `demo_auth_group_access` WHERE  `uid` = 1 LIMIT 1 [ RunTime:0.000639s ]
[2019-12-13T10:30:23+08:00][sql] SHOW FULL COLUMNS FROM `demo_auth_group` [ RunTime:0.000508s ]
[2019-12-13T10:30:23+08:00][sql] SELECT `rules` FROM `demo_auth_group` WHERE  `id` = 1  AND `status` = 1 LIMIT 1 [ RunTime:0.000247s ]
[2019-12-13T10:30:23+08:00][sql] SHOW FULL COLUMNS FROM `demo_auth_rule` [ RunTime:0.000483s ]
[2019-12-13T10:30:23+08:00][sql] SELECT * FROM `demo_auth_rule` WHERE  `id` IN (1,2,3,4)  AND `type` = 1 [ RunTime:0.000298s ]
[2019-12-13T10:30:23+08:00][info] [ VIEW ] /yd/php/tp6.0/view/index/index.html [ array (
  0 => 'menus',
) ]
[2019-12-13T10:30:25+08:00][sql] CONNECT:[ UseTime:0.000823s ] mysql:host=127.0.0.1;port=3306;dbname=demo;charset=utf8
[2019-12-13T10:30:25+08:00][sql] SHOW FULL COLUMNS FROM `demo_auth_group_access` [ RunTime:0.000621s ]
[2019-12-13T10:30:25+08:00][sql] SELECT `group_id` FROM `demo_auth_group_access` WHERE  `uid` = 1 LIMIT 1 [ RunTime:0.000328s ]
[2019-12-13T10:30:25+08:00][sql] SHOW FULL COLUMNS FROM `demo_auth_group` [ RunTime:0.000423s ]
[2019-12-13T10:30:25+08:00][sql] SELECT `rules` FROM `demo_auth_group` WHERE  `id` = 1  AND `status` = 1 LIMIT 1 [ RunTime:0.000286s ]
[2019-12-13T10:30:25+08:00][sql] SHOW FULL COLUMNS FROM `demo_auth_rule` [ RunTime:0.000443s ]
[2019-12-13T10:30:25+08:00][sql] SELECT * FROM `demo_auth_rule` WHERE  `id` IN (1,2,3,4)  AND `type` = 1 [ RunTime:0.000414s ]
[2019-12-13T10:30:25+08:00][info] [ VIEW ] /yd/php/tp6.0/view/index/index.html [ array (
  0 => 'menus',
) ]
[2019-12-13T10:30:26+08:00][sql] CONNECT:[ UseTime:0.000396s ] mysql:host=127.0.0.1;port=3306;dbname=demo;charset=utf8
[2019-12-13T10:30:26+08:00][sql] SHOW FULL COLUMNS FROM `demo_auth_group_access` [ RunTime:0.000415s ]
[2019-12-13T10:30:26+08:00][sql] SELECT `group_id` FROM `demo_auth_group_access` WHERE  `uid` = 1 LIMIT 1 [ RunTime:0.000240s ]
[2019-12-13T10:30:26+08:00][sql] SHOW FULL COLUMNS FROM `demo_auth_group` [ RunTime:0.000365s ]
[2019-12-13T10:30:26+08:00][sql] SELECT `rules` FROM `demo_auth_group` WHERE  `id` = 1  AND `status` = 1 LIMIT 1 [ RunTime:0.000255s ]
[2019-12-13T10:30:26+08:00][sql] SHOW FULL COLUMNS FROM `demo_auth_rule` [ RunTime:0.000399s ]
[2019-12-13T10:30:26+08:00][sql] SELECT * FROM `demo_auth_rule` WHERE  `id` IN (1,2,3,4) [ RunTime:0.000367s ]
[2019-12-13T10:30:26+08:00][info] [ VIEW ] /yd/php/tp6.0/view/auth/menu.html [ array (
  0 => 'menus',
) ]
[2019-12-13T10:30:26+08:00][error] [2]Invalid argument supplied for foreach()[/yd/php/tp6.0/runtime/temp/ec46696657bbaefa7d1d204f690a3811.php:32]
[2019-12-13T10:30:34+08:00][info] [ VIEW ] /yd/php/tp6.0/view/login/login.html [ array (
) ]
[2019-12-13T10:30:40+08:00][sql] CONNECT:[ UseTime:0.000310s ] mysql:host=127.0.0.1;port=3306;dbname=demo;charset=utf8
[2019-12-13T10:30:40+08:00][sql] SHOW FULL COLUMNS FROM `demo_user` [ RunTime:0.000530s ]
[2019-12-13T10:30:40+08:00][sql] SELECT * FROM `demo_user` WHERE  `user_name` = 'admin' LIMIT 1 [ RunTime:0.000200s ]
[2019-12-13T10:30:40+08:00][sql] CONNECT:[ UseTime:0.000347s ] mysql:host=127.0.0.1;port=3306;dbname=demo;charset=utf8
[2019-12-13T10:30:40+08:00][sql] SHOW FULL COLUMNS FROM `demo_auth_group_access` [ RunTime:0.000387s ]
[2019-12-13T10:30:40+08:00][sql] SELECT `group_id` FROM `demo_auth_group_access` WHERE  `uid` = 1 LIMIT 1 [ RunTime:0.000301s ]
[2019-12-13T10:30:40+08:00][sql] SHOW FULL COLUMNS FROM `demo_auth_group` [ RunTime:0.000365s ]
[2019-12-13T10:30:40+08:00][sql] SELECT `rules` FROM `demo_auth_group` WHERE  `id` = 1  AND `status` = 1 LIMIT 1 [ RunTime:0.000295s ]
[2019-12-13T10:30:40+08:00][sql] SHOW FULL COLUMNS FROM `demo_auth_rule` [ RunTime:0.000505s ]
[2019-12-13T10:30:40+08:00][sql] SELECT * FROM `demo_auth_rule` WHERE  `id` IN (1,2,3,4)  AND `type` = 1 [ RunTime:0.000442s ]
[2019-12-13T10:30:40+08:00][info] [ VIEW ] /yd/php/tp6.0/view/index/index.html [ array (
  0 => 'menus',
) ]
[2019-12-13T11:00:21+08:00][sql] CONNECT:[ UseTime:0.000370s ] mysql:host=127.0.0.1;port=3306;dbname=demo;charset=utf8
[2019-12-13T11:00:21+08:00][sql] SHOW FULL COLUMNS FROM `demo_auth_group_access` [ RunTime:0.000355s ]
[2019-12-13T11:00:21+08:00][error] [0]strpos() expects parameter 1 to be string, null given[/yd/php/tp6.0/vendor/topthink/think-orm/src/db/Builder.php:863]
[2019-12-13T11:00:35+08:00][sql] CONNECT:[ UseTime:0.000312s ] mysql:host=127.0.0.1;port=3306;dbname=demo;charset=utf8
[2019-12-13T11:00:35+08:00][sql] SHOW FULL COLUMNS FROM `demo_auth_group_access` [ RunTime:0.000358s ]
[2019-12-13T11:00:35+08:00][error] [0]strpos() expects parameter 1 to be string, null given[/yd/php/tp6.0/vendor/topthink/think-orm/src/db/Builder.php:863]
[2019-12-13T11:02:52+08:00][sql] CONNECT:[ UseTime:0.000443s ] mysql:host=127.0.0.1;port=3306;dbname=demo;charset=utf8
[2019-12-13T11:02:52+08:00][sql] SHOW FULL COLUMNS FROM `demo_auth_group_access` [ RunTime:0.000475s ]
[2019-12-13T11:02:52+08:00][error] [0]strpos() expects parameter 1 to be string, null given[/yd/php/tp6.0/vendor/topthink/think-orm/src/db/Builder.php:863]
[2019-12-13T11:03:25+08:00][sql] CONNECT:[ UseTime:0.000856s ] mysql:host=127.0.0.1;port=3306;dbname=demo;charset=utf8
[2019-12-13T11:03:25+08:00][sql] SHOW FULL COLUMNS FROM `demo_auth_group_access` [ RunTime:0.000519s ]
[2019-12-13T11:03:25+08:00][error] [0]strpos() expects parameter 1 to be string, null given[/yd/php/tp6.0/vendor/topthink/think-orm/src/db/Builder.php:863]
[2019-12-13T11:04:02+08:00][sql] CONNECT:[ UseTime:0.000479s ] mysql:host=127.0.0.1;port=3306;dbname=demo;charset=utf8
[2019-12-13T11:04:02+08:00][sql] SHOW FULL COLUMNS FROM `demo_auth_group_access` [ RunTime:0.000508s ]
[2019-12-13T11:04:02+08:00][error] [10501]SQLSTATE[42S22]: Column not found: 1054 Unknown column 'b.rules' in 'field list'[/yd/php/tp6.0/vendor/topthink/think-orm/src/db/PDOConnection.php:722]
[2019-12-13T11:04:09+08:00][sql] CONNECT:[ UseTime:0.000435s ] mysql:host=127.0.0.1;port=3306;dbname=demo;charset=utf8
[2019-12-13T11:04:09+08:00][sql] SHOW FULL COLUMNS FROM `demo_auth_group_access` [ RunTime:0.000671s ]
[2019-12-13T11:04:09+08:00][error] [10501]SQLSTATE[42S22]: Column not found: 1054 Unknown column 'a.uid' in 'where clause'[/yd/php/tp6.0/vendor/topthink/think-orm/src/db/PDOConnection.php:722]
[2019-12-13T11:07:14+08:00][sql] CONNECT:[ UseTime:0.000291s ] mysql:host=127.0.0.1;port=3306;dbname=demo;charset=utf8
[2019-12-13T11:07:14+08:00][sql] SHOW FULL COLUMNS FROM `demo_auth_group_access` [ RunTime:0.000382s ]
[2019-12-13T11:07:14+08:00][error] [0]strpos() expects parameter 1 to be string, null given[/yd/php/tp6.0/vendor/topthink/think-orm/src/db/Builder.php:863]
[2019-12-13T11:10:35+08:00][sql] CONNECT:[ UseTime:0.000407s ] mysql:host=127.0.0.1;port=3306;dbname=demo;charset=utf8
[2019-12-13T11:10:35+08:00][sql] SHOW FULL COLUMNS FROM `demo_auth_group_access` [ RunTime:0.000361s ]
[2019-12-13T11:10:35+08:00][sql] SELECT `b`.`rules` FROM `demo_auth_group_access` `a` INNER JOIN `demo_auth_group` `b` ON `b`.`id`=`a`.`group_id` WHERE  `a`.`uid` IS NULL LIMIT 1 [ RunTime:0.000244s ]
[2019-12-13T11:10:35+08:00][sql] SHOW FULL COLUMNS FROM `demo_auth_rule` [ RunTime:0.000305s ]
[2019-12-13T11:10:35+08:00][error] [0]explode() expects parameter 2 to be string, null given[/yd/php/tp6.0/vendor/topthink/think-orm/src/db/Builder.php:755]
[2019-12-13T11:19:53+08:00][sql] CONNECT:[ UseTime:0.000309s ] mysql:host=127.0.0.1;port=3306;dbname=demo;charset=utf8
[2019-12-13T11:19:53+08:00][sql] SHOW FULL COLUMNS FROM `demo_auth_group_access` [ RunTime:0.000384s ]
[2019-12-13T11:19:53+08:00][error] [2]Use of undefined constant diel - assumed 'diel' (this will throw an Error in a future version of PHP)[/yd/php/tp6.0/app/model/BaseModel.php:98]
[2019-12-13T11:20:45+08:00][sql] CONNECT:[ UseTime:0.000379s ] mysql:host=127.0.0.1;port=3306;dbname=demo;charset=utf8
[2019-12-13T11:20:45+08:00][sql] SHOW FULL COLUMNS FROM `demo_auth_group_access` [ RunTime:0.000355s ]
[2019-12-13T11:20:45+08:00][sql] SELECT `b`.`rules` FROM `demo_auth_group_access` `a` INNER JOIN `demo_auth_group` `b` ON `b`.`id`=`a`.`group_id` WHERE  `a`.`uid` IS NULL LIMIT 1 [ RunTime:0.000170s ]
[2019-12-13T11:20:45+08:00][sql] SHOW FULL COLUMNS FROM `demo_auth_rule` [ RunTime:0.000323s ]
[2019-12-13T11:20:45+08:00][error] [0]explode() expects parameter 2 to be string, null given[/yd/php/tp6.0/vendor/topthink/think-orm/src/db/Builder.php:755]
[2019-12-13T11:21:35+08:00][info] [ VIEW ] /yd/php/tp6.0/view/login/login.html [ array (
) ]
[2019-12-13T11:21:35+08:00][sql] CONNECT:[ UseTime:0.000544s ] mysql:host=127.0.0.1;port=3306;dbname=demo;charset=utf8
[2019-12-13T11:21:35+08:00][sql] SHOW FULL COLUMNS FROM `demo_auth_group_access` [ RunTime:0.000444s ]
[2019-12-13T11:21:35+08:00][sql] SELECT `b`.`rules` FROM `demo_auth_group_access` `a` INNER JOIN `demo_auth_group` `b` ON `b`.`id`=`a`.`group_id` WHERE  `a`.`uid` IS NULL LIMIT 1 [ RunTime:0.000318s ]
[2019-12-13T11:21:35+08:00][sql] SHOW FULL COLUMNS FROM `demo_auth_rule` [ RunTime:0.000432s ]
[2019-12-13T11:21:35+08:00][error] [0]explode() expects parameter 2 to be string, null given[/yd/php/tp6.0/vendor/topthink/think-orm/src/db/Builder.php:755]
[2019-12-13T11:27:49+08:00][sql] CONNECT:[ UseTime:0.000508s ] mysql:host=127.0.0.1;port=3306;dbname=demo;charset=utf8
[2019-12-13T11:27:49+08:00][sql] SHOW FULL COLUMNS FROM `demo_auth_group_access` [ RunTime:0.000455s ]
[2019-12-13T11:27:49+08:00][sql] SELECT `b`.`rules` FROM `demo_auth_group_access` `a` INNER JOIN `demo_auth_group` `b` ON `b`.`id`=`a`.`group_id` WHERE  `a`.`uid` IS NULL LIMIT 1 [ RunTime:0.000301s ]
[2019-12-13T11:27:49+08:00][sql] SHOW FULL COLUMNS FROM `demo_auth_rule` [ RunTime:0.000436s ]
[2019-12-13T11:27:49+08:00][error] [0]explode() expects parameter 2 to be string, null given[/yd/php/tp6.0/vendor/topthink/think-orm/src/db/Builder.php:755]
[2019-12-13T11:27:51+08:00][sql] CONNECT:[ UseTime:0.000319s ] mysql:host=127.0.0.1;port=3306;dbname=demo;charset=utf8
[2019-12-13T11:27:51+08:00][sql] SHOW FULL COLUMNS FROM `demo_auth_group_access` [ RunTime:0.000453s ]
[2019-12-13T11:27:51+08:00][sql] SELECT `b`.`rules` FROM `demo_auth_group_access` `a` INNER JOIN `demo_auth_group` `b` ON `b`.`id`=`a`.`group_id` WHERE  `a`.`uid` IS NULL LIMIT 1 [ RunTime:0.000273s ]
[2019-12-13T11:27:51+08:00][sql] SHOW FULL COLUMNS FROM `demo_auth_rule` [ RunTime:0.000441s ]
[2019-12-13T11:27:51+08:00][error] [0]explode() expects parameter 2 to be string, null given[/yd/php/tp6.0/vendor/topthink/think-orm/src/db/Builder.php:755]
[2019-12-13T11:28:01+08:00][sql] CONNECT:[ UseTime:0.000344s ] mysql:host=127.0.0.1;port=3306;dbname=demo;charset=utf8
[2019-12-13T11:28:01+08:00][sql] SHOW FULL COLUMNS FROM `demo_auth_group_access` [ RunTime:0.000417s ]
[2019-12-13T11:28:01+08:00][sql] SELECT `group_id` FROM `demo_auth_group_access` WHERE  `uid` IS NULL LIMIT 1 [ RunTime:0.000195s ]
[2019-12-13T11:28:01+08:00][sql] SHOW FULL COLUMNS FROM `demo_auth_group` [ RunTime:0.000327s ]
[2019-12-13T11:28:01+08:00][sql] SELECT `rules` FROM `demo_auth_group` WHERE  `id` IS NULL  AND `status` = 1 LIMIT 1 [ RunTime:0.000199s ]
[2019-12-13T11:28:01+08:00][sql] SHOW FULL COLUMNS FROM `demo_auth_rule` [ RunTime:0.000320s ]
[2019-12-13T11:28:01+08:00][error] [0]explode() expects parameter 2 to be string, null given[/yd/php/tp6.0/vendor/topthink/think-orm/src/db/Builder.php:755]
[2019-12-13T11:28:13+08:00][error] [0]Argument 1 passed to redirect() must be of the type string, object given, called in /yd/php/tp6.0/app/BaseController.php on line 62[/yd/php/tp6.0/vendor/topthink/framework/src/helper.php:373]
[2019-12-13T11:28:47+08:00][sql] CONNECT:[ UseTime:0.000443s ] mysql:host=127.0.0.1;port=3306;dbname=demo;charset=utf8
[2019-12-13T11:28:47+08:00][sql] SHOW FULL COLUMNS FROM `demo_auth_group_access` [ RunTime:0.000623s ]
[2019-12-13T11:28:47+08:00][sql] SELECT `group_id` FROM `demo_auth_group_access` WHERE  `uid` IS NULL LIMIT 1 [ RunTime:0.000264s ]
[2019-12-13T11:28:47+08:00][sql] SHOW FULL COLUMNS FROM `demo_auth_group` [ RunTime:0.000464s ]
[2019-12-13T11:28:47+08:00][sql] SELECT `rules` FROM `demo_auth_group` WHERE  `id` IS NULL  AND `status` = 1 LIMIT 1 [ RunTime:0.000330s ]
[2019-12-13T11:28:47+08:00][sql] SHOW FULL COLUMNS FROM `demo_auth_rule` [ RunTime:0.000446s ]
[2019-12-13T11:28:47+08:00][error] [0]explode() expects parameter 2 to be string, null given[/yd/php/tp6.0/vendor/topthink/think-orm/src/db/Builder.php:755]
[2019-12-13T11:40:41+08:00][info] [ VIEW ] /yd/php/tp6.0/view/login/login.html [ array (
) ]
[2019-12-13T11:42:17+08:00][error] [0]Class 'think\Controller' not found[/yd/php/tp6.0/app/controller/Login.php:12]
[2019-12-13T11:43:12+08:00][error] [0]Class 'think\Controller' not found[/yd/php/tp6.0/app/controller/Login.php:12]
[2019-12-13T11:43:51+08:00][error] [0]Class 'think\Controller' not found[/yd/php/tp6.0/app/controller/Login.php:12]
[2019-12-13T11:44:26+08:00][error] [0]Cannot instantiate abstract class think\route\Rule[/yd/php/tp6.0/vendor/topthink/framework/src/think/Container.php:391]
[2019-12-13T11:44:40+08:00][info] [ VIEW ] /yd/php/tp6.0/view/login/login.html [ array (
) ]
[2019-12-13T11:44:46+08:00][info] [ VIEW ] /yd/php/tp6.0/view/login/login.html [ array (
) ]
[2019-12-13T11:44:51+08:00][sql] CONNECT:[ UseTime:0.000451s ] mysql:host=127.0.0.1;port=3306;dbname=demo;charset=utf8
[2019-12-13T11:44:51+08:00][sql] SHOW FULL COLUMNS FROM `demo_user` [ RunTime:0.000492s ]
[2019-12-13T11:44:51+08:00][sql] SELECT * FROM `demo_user` WHERE  `user_name` = 'admin' LIMIT 1 [ RunTime:0.000447s ]
[2019-12-13T11:44:51+08:00][sql] CONNECT:[ UseTime:0.000294s ] mysql:host=127.0.0.1;port=3306;dbname=demo;charset=utf8
[2019-12-13T11:44:51+08:00][sql] SHOW FULL COLUMNS FROM `demo_auth_group_access` [ RunTime:0.000385s ]
[2019-12-13T11:44:51+08:00][sql] SELECT `b`.`rules` FROM `demo_auth_group_access` `a` INNER JOIN `demo_auth_group` `b` ON `b`.`id`=`a`.`group_id` WHERE  `a`.`uid` = 1 LIMIT 1 [ RunTime:0.000322s ]
[2019-12-13T11:44:51+08:00][sql] SHOW FULL COLUMNS FROM `demo_auth_rule` [ RunTime:0.000335s ]
[2019-12-13T11:44:51+08:00][sql] SELECT `id` FROM `demo_auth_rule` WHERE  `id` IN (1,2,3,4)  AND `condition` = 'Index/index' LIMIT 1 [ RunTime:0.000252s ]
[2019-12-13T11:44:51+08:00][error] [0]Class 'think\facade\Response' not found[/yd/php/tp6.0/app/BaseController.php:86]
[2019-12-13T11:51:37+08:00][error] [8]未定义变量: rule_ids[/yd/php/tp6.0/app/BaseController.php:72]
[2019-12-13T11:55:16+08:00][sql] CONNECT:[ UseTime:0.000409s ] mysql:host=127.0.0.1;port=3306;dbname=demo;charset=utf8
[2019-12-13T11:55:16+08:00][sql] SHOW FULL COLUMNS FROM `demo_auth_group_access` [ RunTime:0.000408s ]
[2019-12-13T11:55:16+08:00][sql] SELECT `group_id` FROM `demo_auth_group_access` WHERE  `uid` = 1 LIMIT 1 [ RunTime:0.000303s ]
[2019-12-13T11:55:16+08:00][sql] SHOW FULL COLUMNS FROM `demo_auth_group` [ RunTime:0.000373s ]
[2019-12-13T11:55:16+08:00][sql] SELECT `rules` FROM `demo_auth_group` WHERE  `id` = 1  AND `status` = 1 LIMIT 1 [ RunTime:0.000209s ]
[2019-12-13T11:55:16+08:00][sql] SHOW FULL COLUMNS FROM `demo_auth_rule` [ RunTime:0.000300s ]
[2019-12-13T11:55:16+08:00][sql] SELECT * FROM `demo_auth_rule` WHERE  `id` IN (1,2,3,4)  AND `type` = 1 [ RunTime:0.000237s ]
[2019-12-13T11:55:16+08:00][info] [ VIEW ] /yd/php/tp6.0/view/index/index.html [ array (
  0 => 'menus',
) ]
[2019-12-13T11:55:18+08:00][sql] CONNECT:[ UseTime:0.000337s ] mysql:host=127.0.0.1;port=3306;dbname=demo;charset=utf8
[2019-12-13T11:55:18+08:00][sql] SHOW FULL COLUMNS FROM `demo_auth_group_access` [ RunTime:0.000598s ]
[2019-12-13T11:55:18+08:00][sql] SELECT `b`.`rules` FROM `demo_auth_group_access` `a` INNER JOIN `demo_auth_group` `b` ON `b`.`id`=`a`.`group_id` WHERE  `a`.`uid` = 1 LIMIT 1 [ RunTime:0.000463s ]
[2019-12-13T11:55:18+08:00][sql] SHOW FULL COLUMNS FROM `demo_auth_rule` [ RunTime:0.000610s ]
[2019-12-13T11:55:18+08:00][sql] SELECT `id` FROM `demo_auth_rule` WHERE  `id` IN (1,2,3,4)  AND `condition` = 'Auth/index' LIMIT 1 [ RunTime:0.000524s ]
[2019-12-13T11:55:18+08:00][info] [ VIEW ] /yd/php/tp6.0/view/login/login.html [ array (
) ]
[2019-12-13T11:55:31+08:00][sql] CONNECT:[ UseTime:0.000480s ] mysql:host=127.0.0.1;port=3306;dbname=demo;charset=utf8
[2019-12-13T11:55:31+08:00][sql] SHOW FULL COLUMNS FROM `demo_auth_group_access` [ RunTime:0.000520s ]
[2019-12-13T11:55:31+08:00][sql] SELECT `group_id` FROM `demo_auth_group_access` WHERE  `uid` = 1 LIMIT 1 [ RunTime:0.000312s ]
[2019-12-13T11:55:31+08:00][sql] SHOW FULL COLUMNS FROM `demo_auth_group` [ RunTime:0.000458s ]
[2019-12-13T11:55:31+08:00][sql] SELECT `rules` FROM `demo_auth_group` WHERE  `id` = 1  AND `status` = 1 LIMIT 1 [ RunTime:0.000301s ]
[2019-12-13T11:55:31+08:00][sql] SHOW FULL COLUMNS FROM `demo_auth_rule` [ RunTime:0.000487s ]
[2019-12-13T11:55:31+08:00][sql] SELECT * FROM `demo_auth_rule` WHERE  `id` IN (1,2,3,4)  AND `type` = 1 [ RunTime:0.000348s ]
[2019-12-13T11:55:31+08:00][info] [ VIEW ] /yd/php/tp6.0/view/index/index.html [ array (
  0 => 'menus',
) ]
[2019-12-13T11:55:33+08:00][sql] CONNECT:[ UseTime:0.000493s ] mysql:host=127.0.0.1;port=3306;dbname=demo;charset=utf8
[2019-12-13T11:55:33+08:00][sql] SHOW FULL COLUMNS FROM `demo_auth_group_access` [ RunTime:0.000863s ]
[2019-12-13T11:55:33+08:00][sql] SELECT `group_id` FROM `demo_auth_group_access` WHERE  `uid` = 1 LIMIT 1 [ RunTime:0.000339s ]
[2019-12-13T11:55:33+08:00][sql] SHOW FULL COLUMNS FROM `demo_auth_group` [ RunTime:0.000422s ]
[2019-12-13T11:55:33+08:00][sql] SELECT `rules` FROM `demo_auth_group` WHERE  `id` = 1  AND `status` = 1 LIMIT 1 [ RunTime:0.000290s ]
[2019-12-13T11:55:33+08:00][sql] SHOW FULL COLUMNS FROM `demo_auth_rule` [ RunTime:0.000394s ]
[2019-12-13T11:55:33+08:00][sql] SELECT * FROM `demo_auth_rule` WHERE  `id` IN (1,2,3,4)  AND `type` = 1 [ RunTime:0.000345s ]
[2019-12-13T11:55:33+08:00][info] [ VIEW ] /yd/php/tp6.0/view/index/index.html [ array (
  0 => 'menus',
) ]
[2019-12-13T11:55:51+08:00][sql] CONNECT:[ UseTime:0.000371s ] mysql:host=127.0.0.1;port=3306;dbname=demo;charset=utf8
[2019-12-13T11:55:51+08:00][sql] SHOW FULL COLUMNS FROM `demo_auth_group_access` [ RunTime:0.000534s ]
[2019-12-13T11:55:51+08:00][sql] SELECT `b`.`rules` FROM `demo_auth_group_access` `a` INNER JOIN `demo_auth_group` `b` ON `b`.`id`=`a`.`group_id` WHERE  `a`.`uid` = 1 LIMIT 1 [ RunTime:0.000381s ]
[2019-12-13T11:55:51+08:00][sql] SHOW FULL COLUMNS FROM `demo_auth_rule` [ RunTime:0.000601s ]
[2019-12-13T11:55:51+08:00][sql] SELECT `id` FROM `demo_auth_rule` WHERE  `id` IN (1,2,3,4)  AND `condition` = 'Index/index' LIMIT 1 [ RunTime:0.000349s ]
[2019-12-13T11:55:51+08:00][error] [0]Class 'think\facade\Response' not found[/yd/php/tp6.0/app/BaseController.php:78]
[2019-12-13T11:56:49+08:00][sql] CONNECT:[ UseTime:0.000367s ] mysql:host=127.0.0.1;port=3306;dbname=demo;charset=utf8
[2019-12-13T11:56:49+08:00][sql] SHOW FULL COLUMNS FROM `demo_auth_group_access` [ RunTime:0.000612s ]
[2019-12-13T11:56:49+08:00][sql] SELECT `b`.`rules` FROM `demo_auth_group_access` `a` INNER JOIN `demo_auth_group` `b` ON `b`.`id`=`a`.`group_id` WHERE  `a`.`uid` = 1 LIMIT 1 [ RunTime:0.000319s ]
[2019-12-13T11:56:49+08:00][sql] SHOW FULL COLUMNS FROM `demo_auth_rule` [ RunTime:0.000523s ]
[2019-12-13T11:56:49+08:00][sql] SELECT `id` FROM `demo_auth_rule` WHERE  `id` IN (1,2,3,4)  AND `condition` = 'Index/index' LIMIT 1 [ RunTime:0.000392s ]
[2019-12-13T11:56:49+08:00][info] [ VIEW ] /yd/php/tp6.0/view/login/login.html [ array (
) ]
[2019-12-13T11:56:56+08:00][info] [ VIEW ] /yd/php/tp6.0/view/login/login.html [ array (
) ]
[2019-12-13T11:56:58+08:00][sql] CONNECT:[ UseTime:0.000387s ] mysql:host=127.0.0.1;port=3306;dbname=demo;charset=utf8
[2019-12-13T11:56:58+08:00][sql] SHOW FULL COLUMNS FROM `demo_user` [ RunTime:0.000649s ]
[2019-12-13T11:56:58+08:00][sql] SELECT * FROM `demo_user` WHERE  `user_name` = 'admin' LIMIT 1 [ RunTime:0.000383s ]
[2019-12-13T11:56:58+08:00][sql] CONNECT:[ UseTime:0.000681s ] mysql:host=127.0.0.1;port=3306;dbname=demo;charset=utf8
[2019-12-13T11:56:58+08:00][sql] SHOW FULL COLUMNS FROM `demo_auth_group_access` [ RunTime:0.000379s ]
[2019-12-13T11:56:58+08:00][sql] SELECT `b`.`rules` FROM `demo_auth_group_access` `a` INNER JOIN `demo_auth_group` `b` ON `b`.`id`=`a`.`group_id` WHERE  `a`.`uid` = 1 LIMIT 1 [ RunTime:0.000305s ]
[2019-12-13T11:56:58+08:00][sql] SHOW FULL COLUMNS FROM `demo_auth_rule` [ RunTime:0.000370s ]
[2019-12-13T11:56:58+08:00][sql] SELECT `id` FROM `demo_auth_rule` WHERE  `id` IN (1,2,3,4)  AND `condition` = 'Index/index' LIMIT 1 [ RunTime:0.000202s ]
[2019-12-13T11:56:58+08:00][info] [ VIEW ] /yd/php/tp6.0/view/login/login.html [ array (
) ]
[2019-12-13T11:57:26+08:00][sql] CONNECT:[ UseTime:0.000384s ] mysql:host=127.0.0.1;port=3306;dbname=demo;charset=utf8
[2019-12-13T11:57:26+08:00][sql] SHOW FULL COLUMNS FROM `demo_user` [ RunTime:0.000418s ]
[2019-12-13T11:57:26+08:00][sql] SELECT * FROM `demo_user` WHERE  `user_name` = 'admin' LIMIT 1 [ RunTime:0.000433s ]
[2019-12-13T11:59:02+08:00][sql] CONNECT:[ UseTime:0.000431s ] mysql:host=127.0.0.1;port=3306;dbname=demo;charset=utf8
[2019-12-13T11:59:02+08:00][sql] SHOW FULL COLUMNS FROM `demo_auth_group_access` [ RunTime:0.000503s ]
[2019-12-13T11:59:02+08:00][sql] SELECT `b`.`rules` FROM `demo_auth_group_access` `a` INNER JOIN `demo_auth_group` `b` ON `b`.`id`=`a`.`group_id` WHERE  `a`.`uid` = 1 LIMIT 1 [ RunTime:0.000479s ]
[2019-12-13T11:59:02+08:00][sql] SHOW FULL COLUMNS FROM `demo_auth_rule` [ RunTime:0.000563s ]
[2019-12-13T11:59:02+08:00][sql] SELECT `id` FROM `demo_auth_rule` WHERE  `id` IN (1,2,3,4)  AND `condition` = 'Index/index' LIMIT 1 [ RunTime:0.000377s ]
[2019-12-13T11:59:02+08:00][info] [ VIEW ] /yd/php/tp6.0/view/login/login.html [ array (
) ]
[2019-12-13T11:59:06+08:00][sql] CONNECT:[ UseTime:0.000315s ] mysql:host=127.0.0.1;port=3306;dbname=demo;charset=utf8
[2019-12-13T11:59:06+08:00][sql] SHOW FULL COLUMNS FROM `demo_user` [ RunTime:0.000620s ]
[2019-12-13T11:59:06+08:00][sql] SELECT * FROM `demo_user` WHERE  `user_name` = 'admin' LIMIT 1 [ RunTime:0.000341s ]
[2019-12-13T11:59:06+08:00][sql] CONNECT:[ UseTime:0.000281s ] mysql:host=127.0.0.1;port=3306;dbname=demo;charset=utf8
[2019-12-13T11:59:06+08:00][sql] SHOW FULL COLUMNS FROM `demo_auth_group_access` [ RunTime:0.000347s ]
[2019-12-13T11:59:06+08:00][sql] SELECT `b`.`rules` FROM `demo_auth_group_access` `a` INNER JOIN `demo_auth_group` `b` ON `b`.`id`=`a`.`group_id` WHERE  `a`.`uid` = 1 LIMIT 1 [ RunTime:0.000273s ]
[2019-12-13T11:59:06+08:00][sql] SHOW FULL COLUMNS FROM `demo_auth_rule` [ RunTime:0.000314s ]
[2019-12-13T11:59:06+08:00][sql] SELECT `id` FROM `demo_auth_rule` WHERE  `id` IN (1,2,3,4)  AND `condition` = 'Index/index' LIMIT 1 [ RunTime:0.000413s ]
[2019-12-13T11:59:06+08:00][info] [ VIEW ] /yd/php/tp6.0/view/login/login.html [ array (
) ]
[2019-12-13T11:59:26+08:00][sql] CONNECT:[ UseTime:0.000550s ] mysql:host=127.0.0.1;port=3306;dbname=demo;charset=utf8
[2019-12-13T11:59:26+08:00][sql] SHOW FULL COLUMNS FROM `demo_user` [ RunTime:0.000844s ]
[2019-12-13T11:59:26+08:00][sql] SELECT * FROM `demo_user` WHERE  `user_name` = 'admin' LIMIT 1 [ RunTime:0.000320s ]
[2019-12-13T11:59:26+08:00][sql] CONNECT:[ UseTime:0.000426s ] mysql:host=127.0.0.1;port=3306;dbname=demo;charset=utf8
[2019-12-13T11:59:26+08:00][sql] SHOW FULL COLUMNS FROM `demo_auth_group_access` [ RunTime:0.000458s ]
[2019-12-13T11:59:26+08:00][sql] SELECT `b`.`rules` FROM `demo_auth_group_access` `a` INNER JOIN `demo_auth_group` `b` ON `b`.`id`=`a`.`group_id` WHERE  `a`.`uid` = 1 LIMIT 1 [ RunTime:0.000453s ]
[2019-12-13T11:59:26+08:00][sql] SHOW FULL COLUMNS FROM `demo_auth_rule` [ RunTime:0.000568s ]
[2019-12-13T11:59:26+08:00][sql] SELECT `id` FROM `demo_auth_rule` WHERE  `id` IN (1,2,3,4)  AND `condition` = 'Index/index' LIMIT 1 [ RunTime:0.000423s ]
[2019-12-13T11:59:26+08:00][info] [ VIEW ] /yd/php/tp6.0/view/login/login.html [ array (
) ]
[2019-12-13T13:33:11+08:00][sql] CONNECT:[ UseTime:0.000322s ] mysql:host=127.0.0.1;port=3306;dbname=demo;charset=utf8
[2019-12-13T13:33:11+08:00][sql] SHOW FULL COLUMNS FROM `demo_user` [ RunTime:0.000386s ]
[2019-12-13T13:33:11+08:00][sql] SELECT * FROM `demo_user` WHERE  `user_name` = 'admin' LIMIT 1 [ RunTime:0.000213s ]
[2019-12-13T13:33:11+08:00][sql] CONNECT:[ UseTime:0.000284s ] mysql:host=127.0.0.1;port=3306;dbname=demo;charset=utf8
[2019-12-13T13:33:11+08:00][sql] SHOW FULL COLUMNS FROM `demo_auth_group_access` [ RunTime:0.000349s ]
[2019-12-13T13:33:11+08:00][sql] SELECT `b`.`rules` FROM `demo_auth_group_access` `a` INNER JOIN `demo_auth_group` `b` ON `b`.`id`=`a`.`group_id` WHERE  `a`.`uid` = 1 LIMIT 1 [ RunTime:0.000213s ]
[2019-12-13T13:33:11+08:00][sql] SHOW FULL COLUMNS FROM `demo_auth_rule` [ RunTime:0.000297s ]
[2019-12-13T13:33:11+08:00][sql] SELECT `id` FROM `demo_auth_rule` WHERE  `id` IN (1,2,3,4)  AND `condition` = 'Index/index' LIMIT 1 [ RunTime:0.000292s ]
[2019-12-13T13:33:11+08:00][info] [ VIEW ] /yd/php/tp6.0/view/login/login.html [ array (
) ]
[2019-12-13T13:33:29+08:00][sql] CONNECT:[ UseTime:0.000298s ] mysql:host=127.0.0.1;port=3306;dbname=demo;charset=utf8
[2019-12-13T13:33:29+08:00][sql] SHOW FULL COLUMNS FROM `demo_user` [ RunTime:0.000391s ]
[2019-12-13T13:33:29+08:00][sql] SELECT * FROM `demo_user` WHERE  `user_name` = 'admin' LIMIT 1 [ RunTime:0.000216s ]
[2019-12-13T13:48:12+08:00][sql] CONNECT:[ UseTime:0.000523s ] mysql:host=127.0.0.1;port=3306;dbname=demo;charset=utf8
[2019-12-13T13:48:12+08:00][sql] SHOW FULL COLUMNS FROM `demo_auth_group_access` [ RunTime:0.000745s ]
[2019-12-13T13:48:12+08:00][sql] SELECT `b`.`rules` FROM `demo_auth_group_access` `a` INNER JOIN `demo_auth_group` `b` ON `b`.`id`=`a`.`group_id` WHERE  `a`.`uid` = 1 LIMIT 1 [ RunTime:0.000382s ]
[2019-12-13T13:48:12+08:00][sql] SHOW FULL COLUMNS FROM `demo_auth_rule` [ RunTime:0.000469s ]
[2019-12-13T13:48:12+08:00][sql] SELECT `id` FROM `demo_auth_rule` WHERE  `id` IN (1,2,3,4)  AND `condition` = 'Index/index' LIMIT 1 [ RunTime:0.000353s ]
[2019-12-13T13:48:12+08:00][info] [ VIEW ] /yd/php/tp6.0/view/login/login.html [ array (
) ]
[2019-12-13T13:48:15+08:00][sql] CONNECT:[ UseTime:0.000431s ] mysql:host=127.0.0.1;port=3306;dbname=demo;charset=utf8
[2019-12-13T13:48:15+08:00][sql] SHOW FULL COLUMNS FROM `demo_user` [ RunTime:0.000647s ]
[2019-12-13T13:48:15+08:00][sql] SELECT * FROM `demo_user` WHERE  `user_name` = 'admin' LIMIT 1 [ RunTime:0.000263s ]
[2019-12-13T13:48:15+08:00][sql] CONNECT:[ UseTime:0.000363s ] mysql:host=127.0.0.1;port=3306;dbname=demo;charset=utf8
[2019-12-13T13:48:15+08:00][sql] SHOW FULL COLUMNS FROM `demo_auth_group_access` [ RunTime:0.000373s ]
[2019-12-13T13:48:15+08:00][sql] SELECT `b`.`rules` FROM `demo_auth_group_access` `a` INNER JOIN `demo_auth_group` `b` ON `b`.`id`=`a`.`group_id` WHERE  `a`.`uid` = 1 LIMIT 1 [ RunTime:0.000264s ]
[2019-12-13T13:48:15+08:00][sql] SHOW FULL COLUMNS FROM `demo_auth_rule` [ RunTime:0.000459s ]
[2019-12-13T13:48:15+08:00][sql] SELECT `id` FROM `demo_auth_rule` WHERE  `id` IN (1,2,3,4)  AND `condition` = 'Index/index' LIMIT 1 [ RunTime:0.000263s ]
[2019-12-13T13:48:15+08:00][info] [ VIEW ] /yd/php/tp6.0/view/login/login.html [ array (
) ]
[2019-12-13T13:48:40+08:00][info] [ VIEW ] /yd/php/tp6.0/view/login/login.html [ array (
) ]
[2019-12-13T13:48:44+08:00][sql] CONNECT:[ UseTime:0.000287s ] mysql:host=127.0.0.1;port=3306;dbname=demo;charset=utf8
[2019-12-13T13:48:44+08:00][sql] SHOW FULL COLUMNS FROM `demo_user` [ RunTime:0.000365s ]
[2019-12-13T13:48:44+08:00][sql] SELECT * FROM `demo_user` WHERE  `user_name` = 'admin' LIMIT 1 [ RunTime:0.000214s ]
[2019-12-13T13:48:59+08:00][sql] CONNECT:[ UseTime:0.000294s ] mysql:host=127.0.0.1;port=3306;dbname=demo;charset=utf8
[2019-12-13T13:48:59+08:00][sql] SHOW FULL COLUMNS FROM `demo_auth_group_access` [ RunTime:0.000386s ]
[2019-12-13T13:48:59+08:00][sql] SELECT `b`.`rules` FROM `demo_auth_group_access` `a` INNER JOIN `demo_auth_group` `b` ON `b`.`id`=`a`.`group_id` WHERE  `a`.`uid` = 1 LIMIT 1 [ RunTime:0.000268s ]
[2019-12-13T13:48:59+08:00][sql] SHOW FULL COLUMNS FROM `demo_auth_rule` [ RunTime:0.000313s ]
[2019-12-13T13:48:59+08:00][sql] SELECT `id` FROM `demo_auth_rule` WHERE  `id` IN (1,2,3,4)  AND `condition` = 'Index/index' LIMIT 1 [ RunTime:0.000246s ]
[2019-12-13T13:48:59+08:00][info] [ VIEW ] /yd/php/tp6.0/view/login/login.html [ array (
) ]
[2019-12-13T13:49:03+08:00][sql] CONNECT:[ UseTime:0.000376s ] mysql:host=127.0.0.1;port=3306;dbname=demo;charset=utf8
[2019-12-13T13:49:03+08:00][sql] SHOW FULL COLUMNS FROM `demo_user` [ RunTime:0.000656s ]
[2019-12-13T13:49:03+08:00][sql] SELECT * FROM `demo_user` WHERE  `user_name` = 'admin' LIMIT 1 [ RunTime:0.000649s ]
[2019-12-13T13:49:03+08:00][sql] CONNECT:[ UseTime:0.000298s ] mysql:host=127.0.0.1;port=3306;dbname=demo;charset=utf8
[2019-12-13T13:49:03+08:00][sql] SHOW FULL COLUMNS FROM `demo_auth_group_access` [ RunTime:0.000365s ]
[2019-12-13T13:49:03+08:00][sql] SELECT `b`.`rules` FROM `demo_auth_group_access` `a` INNER JOIN `demo_auth_group` `b` ON `b`.`id`=`a`.`group_id` WHERE  `a`.`uid` = 1 LIMIT 1 [ RunTime:0.000233s ]
[2019-12-13T13:49:03+08:00][sql] SHOW FULL COLUMNS FROM `demo_auth_rule` [ RunTime:0.000333s ]
[2019-12-13T13:49:03+08:00][sql] SELECT `id` FROM `demo_auth_rule` WHERE  `id` IN (1,2,3,4)  AND `condition` = 'Index/index' LIMIT 1 [ RunTime:0.000242s ]
[2019-12-13T13:49:03+08:00][info] [ VIEW ] /yd/php/tp6.0/view/login/login.html [ array (
) ]
[2019-12-13T13:49:24+08:00][sql] CONNECT:[ UseTime:0.000610s ] mysql:host=127.0.0.1;port=3306;dbname=demo;charset=utf8
[2019-12-13T13:49:24+08:00][sql] SHOW FULL COLUMNS FROM `demo_user` [ RunTime:0.000442s ]
[2019-12-13T13:49:24+08:00][sql] SELECT * FROM `demo_user` WHERE  `user_name` = 'admin' LIMIT 1 [ RunTime:0.000215s ]
[2019-12-13T13:49:24+08:00][sql] CONNECT:[ UseTime:0.000303s ] mysql:host=127.0.0.1;port=3306;dbname=demo;charset=utf8
[2019-12-13T13:49:24+08:00][sql] SHOW FULL COLUMNS FROM `demo_auth_group_access` [ RunTime:0.000360s ]
[2019-12-13T13:49:24+08:00][sql] SELECT `b`.`rules` FROM `demo_auth_group_access` `a` INNER JOIN `demo_auth_group` `b` ON `b`.`id`=`a`.`group_id` WHERE  `a`.`uid` = 1 LIMIT 1 [ RunTime:0.000313s ]
[2019-12-13T13:49:24+08:00][sql] SHOW FULL COLUMNS FROM `demo_auth_rule` [ RunTime:0.000493s ]
[2019-12-13T13:49:24+08:00][sql] SELECT `id` FROM `demo_auth_rule` WHERE  `id` IN (1,2,3,4)  AND `condition` = 'Index/index' LIMIT 1 [ RunTime:0.000324s ]
[2019-12-13T13:49:24+08:00][info] [ VIEW ] /yd/php/tp6.0/view/login/login.html [ array (
) ]
[2019-12-13T13:49:43+08:00][sql] CONNECT:[ UseTime:0.000292s ] mysql:host=127.0.0.1;port=3306;dbname=demo;charset=utf8
[2019-12-13T13:49:43+08:00][sql] SHOW FULL COLUMNS FROM `demo_user` [ RunTime:0.000384s ]
[2019-12-13T13:49:43+08:00][sql] SELECT * FROM `demo_user` WHERE  `user_name` = 'admin' LIMIT 1 [ RunTime:0.000257s ]
[2019-12-13T13:57:24+08:00][sql] CONNECT:[ UseTime:0.000505s ] mysql:host=127.0.0.1;port=3306;dbname=demo;charset=utf8
[2019-12-13T13:57:24+08:00][sql] SHOW FULL COLUMNS FROM `demo_auth_group_access` [ RunTime:0.000509s ]
[2019-12-13T13:57:24+08:00][sql] SELECT `b`.`rules` FROM `demo_auth_group_access` `a` INNER JOIN `demo_auth_group` `b` ON `b`.`id`=`a`.`group_id` WHERE  `a`.`uid` = 1 LIMIT 1 [ RunTime:0.000216s ]
[2019-12-13T13:57:24+08:00][sql] SHOW FULL COLUMNS FROM `demo_auth_rule` [ RunTime:0.000326s ]
[2019-12-13T13:57:24+08:00][sql] SELECT `id` FROM `demo_auth_rule` WHERE  `id` IN (1,2,3,4)  AND `condition` = 'Index/index' LIMIT 1 [ RunTime:0.000240s ]
[2019-12-13T13:57:24+08:00][info] [ VIEW ] /yd/php/tp6.0/view/login/login.html [ array (
) ]
[2019-12-13T13:57:27+08:00][sql] CONNECT:[ UseTime:0.000342s ] mysql:host=127.0.0.1;port=3306;dbname=demo;charset=utf8
[2019-12-13T13:57:27+08:00][sql] SHOW FULL COLUMNS FROM `demo_user` [ RunTime:0.000364s ]
[2019-12-13T13:57:27+08:00][sql] SELECT * FROM `demo_user` WHERE  `user_name` = 'admin' LIMIT 1 [ RunTime:0.000215s ]
[2019-12-13T13:57:27+08:00][sql] CONNECT:[ UseTime:0.000317s ] mysql:host=127.0.0.1;port=3306;dbname=demo;charset=utf8
[2019-12-13T13:57:27+08:00][sql] SHOW FULL COLUMNS FROM `demo_auth_group_access` [ RunTime:0.000354s ]
[2019-12-13T13:57:27+08:00][sql] SELECT `b`.`rules` FROM `demo_auth_group_access` `a` INNER JOIN `demo_auth_group` `b` ON `b`.`id`=`a`.`group_id` WHERE  `a`.`uid` = 1 LIMIT 1 [ RunTime:0.000271s ]
[2019-12-13T13:57:27+08:00][sql] SHOW FULL COLUMNS FROM `demo_auth_rule` [ RunTime:0.000385s ]
[2019-12-13T13:57:27+08:00][sql] SELECT `id` FROM `demo_auth_rule` WHERE  `id` IN (1,2,3,4)  AND `condition` = 'Index/index' LIMIT 1 [ RunTime:0.000244s ]
[2019-12-13T13:57:27+08:00][info] [ VIEW ] /yd/php/tp6.0/view/login/login.html [ array (
) ]
[2019-12-13T13:57:43+08:00][sql] CONNECT:[ UseTime:0.000281s ] mysql:host=127.0.0.1;port=3306;dbname=demo;charset=utf8
[2019-12-13T13:57:43+08:00][sql] SHOW FULL COLUMNS FROM `demo_user` [ RunTime:0.000685s ]
[2019-12-13T13:57:43+08:00][sql] SELECT * FROM `demo_user` WHERE  `user_name` = 'admin' LIMIT 1 [ RunTime:0.000771s ]
[2019-12-13T13:57:43+08:00][sql] CONNECT:[ UseTime:0.000297s ] mysql:host=127.0.0.1;port=3306;dbname=demo;charset=utf8
[2019-12-13T13:57:43+08:00][sql] SHOW FULL COLUMNS FROM `demo_auth_group_access` [ RunTime:0.000378s ]
[2019-12-13T13:57:43+08:00][sql] SELECT `b`.`rules` FROM `demo_auth_group_access` `a` INNER JOIN `demo_auth_group` `b` ON `b`.`id`=`a`.`group_id` WHERE  `a`.`uid` = 1 LIMIT 1 [ RunTime:0.000249s ]
[2019-12-13T13:57:43+08:00][sql] SHOW FULL COLUMNS FROM `demo_auth_rule` [ RunTime:0.000474s ]
[2019-12-13T13:57:43+08:00][sql] SELECT `id` FROM `demo_auth_rule` WHERE  `id` IN (1,2,3,4)  AND `condition` = 'Index/index' LIMIT 1 [ RunTime:0.000475s ]
[2019-12-13T13:57:43+08:00][info] [ VIEW ] /yd/php/tp6.0/view/login/login.html [ array (
) ]
[2019-12-13T13:58:11+08:00][sql] CONNECT:[ UseTime:0.000394s ] mysql:host=127.0.0.1;port=3306;dbname=demo;charset=utf8
[2019-12-13T13:58:11+08:00][sql] SHOW FULL COLUMNS FROM `demo_user` [ RunTime:0.000592s ]
[2019-12-13T13:58:11+08:00][sql] SELECT * FROM `demo_user` WHERE  `user_name` = 'admin' LIMIT 1 [ RunTime:0.000296s ]
[2019-12-13T13:58:11+08:00][info] [ VIEW ] /yd/php/tp6.0/view/login/login.html [ array (
) ]
[2019-12-13T13:58:24+08:00][info] [ VIEW ] /yd/php/tp6.0/view/login/login.html [ array (
) ]
[2019-12-13T13:58:26+08:00][sql] CONNECT:[ UseTime:0.000348s ] mysql:host=127.0.0.1;port=3306;dbname=demo;charset=utf8
[2019-12-13T13:58:26+08:00][sql] SHOW FULL COLUMNS FROM `demo_user` [ RunTime:0.000463s ]
[2019-12-13T13:58:26+08:00][sql] SELECT * FROM `demo_user` WHERE  `user_name` = 'admin' LIMIT 1 [ RunTime:0.000267s ]
[2019-12-13T13:58:26+08:00][info] [ VIEW ] /yd/php/tp6.0/view/login/login.html [ array (
) ]
[2019-12-13T13:58:40+08:00][sql] CONNECT:[ UseTime:0.000344s ] mysql:host=127.0.0.1;port=3306;dbname=demo;charset=utf8
[2019-12-13T13:58:40+08:00][sql] SHOW FULL COLUMNS FROM `demo_user` [ RunTime:0.000451s ]
[2019-12-13T13:58:40+08:00][sql] SELECT * FROM `demo_user` WHERE  `user_name` = 'admin' LIMIT 1 [ RunTime:0.000283s ]
[2019-12-13T13:59:07+08:00][sql] CONNECT:[ UseTime:0.000290s ] mysql:host=127.0.0.1;port=3306;dbname=demo;charset=utf8
[2019-12-13T13:59:07+08:00][sql] SHOW FULL COLUMNS FROM `demo_user` [ RunTime:0.000390s ]
[2019-12-13T13:59:07+08:00][sql] SELECT * FROM `demo_user` WHERE  `user_name` = 'admin' LIMIT 1 [ RunTime:0.000252s ]
[2019-12-13T13:59:22+08:00][info] [ VIEW ] /yd/php/tp6.0/view/login/login.html [ array (
) ]
[2019-12-13T13:59:39+08:00][sql] CONNECT:[ UseTime:0.000514s ] mysql:host=127.0.0.1;port=3306;dbname=demo;charset=utf8
[2019-12-13T13:59:39+08:00][sql] SHOW FULL COLUMNS FROM `demo_user` [ RunTime:0.000365s ]
[2019-12-13T13:59:39+08:00][sql] SELECT * FROM `demo_user` WHERE  `user_name` = 'admin' LIMIT 1 [ RunTime:0.000214s ]
[2019-12-13T14:00:00+08:00][sql] CONNECT:[ UseTime:0.000290s ] mysql:host=127.0.0.1;port=3306;dbname=demo;charset=utf8
[2019-12-13T14:00:00+08:00][sql] SHOW FULL COLUMNS FROM `demo_user` [ RunTime:0.000484s ]
[2019-12-13T14:00:00+08:00][sql] SELECT * FROM `demo_user` WHERE  `user_name` = 'admin' LIMIT 1 [ RunTime:0.000244s ]
[2019-12-13T14:00:32+08:00][info] [ VIEW ] /yd/php/tp6.0/view/login/login.html [ array (
) ]
[2019-12-13T14:00:33+08:00][sql] CONNECT:[ UseTime:0.000297s ] mysql:host=127.0.0.1;port=3306;dbname=demo;charset=utf8
[2019-12-13T14:00:33+08:00][sql] SHOW FULL COLUMNS FROM `demo_user` [ RunTime:0.000420s ]
[2019-12-13T14:00:33+08:00][sql] SELECT * FROM `demo_user` WHERE  `user_name` = 'admin' LIMIT 1 [ RunTime:0.000255s ]
[2019-12-13T14:01:55+08:00][sql] CONNECT:[ UseTime:0.000287s ] mysql:host=127.0.0.1;port=3306;dbname=demo;charset=utf8
[2019-12-13T14:01:55+08:00][sql] SHOW FULL COLUMNS FROM `demo_user` [ RunTime:0.000491s ]
[2019-12-13T14:01:55+08:00][sql] SELECT * FROM `demo_user` WHERE  `user_name` = 'admin' LIMIT 1 [ RunTime:0.000301s ]
[2019-12-13T14:02:20+08:00][info] [ VIEW ] /yd/php/tp6.0/view/login/login.html [ array (
) ]
[2019-12-13T14:02:23+08:00][sql] CONNECT:[ UseTime:0.000312s ] mysql:host=127.0.0.1;port=3306;dbname=demo;charset=utf8
[2019-12-13T14:02:23+08:00][sql] SHOW FULL COLUMNS FROM `demo_user` [ RunTime:0.000534s ]
[2019-12-13T14:02:23+08:00][sql] SELECT * FROM `demo_user` WHERE  `user_name` = 'admin' LIMIT 1 [ RunTime:0.000224s ]
[2019-12-13T14:02:30+08:00][sql] CONNECT:[ UseTime:0.000301s ] mysql:host=127.0.0.1;port=3306;dbname=demo;charset=utf8
[2019-12-13T14:02:30+08:00][sql] SHOW FULL COLUMNS FROM `demo_user` [ RunTime:0.000416s ]
[2019-12-13T14:02:30+08:00][sql] SELECT * FROM `demo_user` WHERE  `user_name` = 'admin' LIMIT 1 [ RunTime:0.000239s ]
[2019-12-13T14:02:50+08:00][info] [ VIEW ] /yd/php/tp6.0/view/login/login.html [ array (
) ]
[2019-12-13T14:02:51+08:00][sql] CONNECT:[ UseTime:0.000415s ] mysql:host=127.0.0.1;port=3306;dbname=demo;charset=utf8
[2019-12-13T14:02:51+08:00][sql] SHOW FULL COLUMNS FROM `demo_user` [ RunTime:0.000388s ]
[2019-12-13T14:02:51+08:00][sql] SELECT * FROM `demo_user` WHERE  `user_name` = 'admin' LIMIT 1 [ RunTime:0.000214s ]
[2019-12-13T14:03:04+08:00][sql] CONNECT:[ UseTime:0.000324s ] mysql:host=127.0.0.1;port=3306;dbname=demo;charset=utf8
[2019-12-13T14:03:04+08:00][sql] SHOW FULL COLUMNS FROM `demo_user` [ RunTime:0.000467s ]
[2019-12-13T14:03:04+08:00][sql] SELECT * FROM `demo_user` WHERE  `user_name` = 'admin' LIMIT 1 [ RunTime:0.000221s ]
[2019-12-13T14:03:33+08:00][sql] CONNECT:[ UseTime:0.000319s ] mysql:host=127.0.0.1;port=3306;dbname=demo;charset=utf8
[2019-12-13T14:03:33+08:00][sql] SHOW FULL COLUMNS FROM `demo_user` [ RunTime:0.000362s ]
[2019-12-13T14:03:33+08:00][sql] SELECT * FROM `demo_user` WHERE  `user_name` = 'admin' LIMIT 1 [ RunTime:0.000254s ]
[2019-12-13T14:03:33+08:00][error] [0]variable type error： array[/yd/php/tp6.0/vendor/topthink/framework/src/think/Response.php:391]
[2019-12-13T14:03:57+08:00][sql] CONNECT:[ UseTime:0.000345s ] mysql:host=127.0.0.1;port=3306;dbname=demo;charset=utf8
[2019-12-13T14:03:57+08:00][sql] SHOW FULL COLUMNS FROM `demo_user` [ RunTime:0.000433s ]
[2019-12-13T14:03:57+08:00][sql] SELECT * FROM `demo_user` WHERE  `user_name` = 'admin' LIMIT 1 [ RunTime:0.000232s ]
[2019-12-13T14:04:14+08:00][info] [ VIEW ] /yd/php/tp6.0/view/login/login.html [ array (
) ]
[2019-12-13T14:04:15+08:00][sql] CONNECT:[ UseTime:0.000282s ] mysql:host=127.0.0.1;port=3306;dbname=demo;charset=utf8
[2019-12-13T14:04:15+08:00][sql] SHOW FULL COLUMNS FROM `demo_user` [ RunTime:0.000456s ]
[2019-12-13T14:04:15+08:00][sql] SELECT * FROM `demo_user` WHERE  `user_name` = 'admin' LIMIT 1 [ RunTime:0.000296s ]
[2019-12-13T14:04:20+08:00][sql] CONNECT:[ UseTime:0.000276s ] mysql:host=127.0.0.1;port=3306;dbname=demo;charset=utf8
[2019-12-13T14:04:20+08:00][sql] SHOW FULL COLUMNS FROM `demo_user` [ RunTime:0.000474s ]
[2019-12-13T14:04:20+08:00][sql] SELECT * FROM `demo_user` WHERE  `user_name` = 'admin' LIMIT 1 [ RunTime:0.000269s ]
[2019-12-13T14:04:20+08:00][sql] CONNECT:[ UseTime:0.000546s ] mysql:host=127.0.0.1;port=3306;dbname=demo;charset=utf8
[2019-12-13T14:04:20+08:00][sql] SHOW FULL COLUMNS FROM `demo_auth_group_access` [ RunTime:0.000712s ]
[2019-12-13T14:04:20+08:00][sql] SELECT `b`.`rules` FROM `demo_auth_group_access` `a` INNER JOIN `demo_auth_group` `b` ON `b`.`id`=`a`.`group_id` WHERE  `a`.`uid` = 1 LIMIT 1 [ RunTime:0.000516s ]
[2019-12-13T14:04:20+08:00][sql] SHOW FULL COLUMNS FROM `demo_auth_rule` [ RunTime:0.000449s ]
[2019-12-13T14:04:20+08:00][sql] SELECT `id` FROM `demo_auth_rule` WHERE  `id` IN (1,2,3,4)  AND `condition` = 'Index/index' LIMIT 1 [ RunTime:0.000297s ]
[2019-12-13T14:04:20+08:00][info] [ VIEW ] /yd/php/tp6.0/view/login/login.html [ array (
) ]
[2019-12-13T14:04:36+08:00][sql] CONNECT:[ UseTime:0.000466s ] mysql:host=127.0.0.1;port=3306;dbname=demo;charset=utf8
[2019-12-13T14:04:36+08:00][sql] SHOW FULL COLUMNS FROM `demo_user` [ RunTime:0.000374s ]
[2019-12-13T14:04:36+08:00][sql] SELECT * FROM `demo_user` WHERE  `user_name` = 'admin' LIMIT 1 [ RunTime:0.000198s ]
[2019-12-13T14:04:36+08:00][info] [ VIEW ] /yd/php/tp6.0/view/login/login.html [ array (
) ]
[2019-12-13T14:04:38+08:00][sql] CONNECT:[ UseTime:0.000296s ] mysql:host=127.0.0.1;port=3306;dbname=demo;charset=utf8
[2019-12-13T14:04:38+08:00][sql] SHOW FULL COLUMNS FROM `demo_user` [ RunTime:0.000564s ]
[2019-12-13T14:04:38+08:00][sql] SELECT * FROM `demo_user` WHERE  `user_name` = 'admin' LIMIT 1 [ RunTime:0.000397s ]
[2019-12-13T14:04:40+08:00][sql] CONNECT:[ UseTime:0.000286s ] mysql:host=127.0.0.1;port=3306;dbname=demo;charset=utf8
[2019-12-13T14:04:40+08:00][sql] SHOW FULL COLUMNS FROM `demo_user` [ RunTime:0.000360s ]
[2019-12-13T14:04:40+08:00][sql] SELECT * FROM `demo_user` WHERE  `user_name` = 'admin' LIMIT 1 [ RunTime:0.000248s ]
[2019-12-13T14:04:40+08:00][info] [ VIEW ] /yd/php/tp6.0/view/login/login.html [ array (
) ]
[2019-12-13T14:12:36+08:00][sql] CONNECT:[ UseTime:0.000360s ] mysql:host=127.0.0.1;port=3306;dbname=demo;charset=utf8
[2019-12-13T14:12:36+08:00][sql] SHOW FULL COLUMNS FROM `demo_user` [ RunTime:0.000434s ]
[2019-12-13T14:12:36+08:00][sql] SELECT * FROM `demo_user` WHERE  `user_name` = 'admin' LIMIT 1 [ RunTime:0.000250s ]
[2019-12-13T14:12:36+08:00][info] [ VIEW ] /yd/php/tp6.0/view/login/login.html [ array (
) ]
[2019-12-13T14:12:55+08:00][sql] CONNECT:[ UseTime:0.000313s ] mysql:host=127.0.0.1;port=3306;dbname=demo;charset=utf8
[2019-12-13T14:12:55+08:00][sql] SHOW FULL COLUMNS FROM `demo_user` [ RunTime:0.000543s ]
[2019-12-13T14:12:55+08:00][sql] SELECT * FROM `demo_user` WHERE  `user_name` = 'admin' LIMIT 1 [ RunTime:0.000248s ]
[2019-12-13T14:12:55+08:00][info] [ VIEW ] /yd/php/tp6.0/view/login/login.html [ array (
) ]
[2019-12-13T14:13:36+08:00][sql] CONNECT:[ UseTime:0.000359s ] mysql:host=127.0.0.1;port=3306;dbname=demo;charset=utf8
[2019-12-13T14:13:36+08:00][sql] SHOW FULL COLUMNS FROM `demo_user` [ RunTime:0.000415s ]
[2019-12-13T14:13:36+08:00][sql] SELECT * FROM `demo_user` WHERE  `user_name` = 'admin' LIMIT 1 [ RunTime:0.000251s ]
[2019-12-13T14:13:45+08:00][sql] CONNECT:[ UseTime:0.000423s ] mysql:host=127.0.0.1;port=3306;dbname=demo;charset=utf8
[2019-12-13T14:13:45+08:00][sql] SHOW FULL COLUMNS FROM `demo_auth_group_access` [ RunTime:0.000351s ]
[2019-12-13T14:13:45+08:00][sql] SELECT `group_id` FROM `demo_auth_group_access` WHERE  `uid` = 1 LIMIT 1 [ RunTime:0.000245s ]
[2019-12-13T14:13:45+08:00][sql] SHOW FULL COLUMNS FROM `demo_auth_group` [ RunTime:0.000325s ]
[2019-12-13T14:13:45+08:00][sql] SELECT `rules` FROM `demo_auth_group` WHERE  `id` = 1  AND `status` = 1 LIMIT 1 [ RunTime:0.000250s ]
[2019-12-13T14:13:45+08:00][sql] SHOW FULL COLUMNS FROM `demo_auth_rule` [ RunTime:0.000378s ]
[2019-12-13T14:13:45+08:00][sql] SELECT * FROM `demo_auth_rule` WHERE  `id` IN (1,2,3,4)  AND `type` = 1 [ RunTime:0.000301s ]
[2019-12-13T14:13:45+08:00][info] [ VIEW ] /yd/php/tp6.0/view/index/index.html [ array (
  0 => 'menus',
) ]
[2019-12-13T14:14:17+08:00][info] [ VIEW ] /yd/php/tp6.0/view/login/login.html [ array (
) ]
[2019-12-13T14:14:20+08:00][sql] CONNECT:[ UseTime:0.000356s ] mysql:host=127.0.0.1;port=3306;dbname=demo;charset=utf8
[2019-12-13T14:14:20+08:00][sql] SHOW FULL COLUMNS FROM `demo_user` [ RunTime:0.000690s ]
[2019-12-13T14:14:20+08:00][sql] SELECT * FROM `demo_user` WHERE  `user_name` = 'admin' LIMIT 1 [ RunTime:0.000304s ]
[2019-12-13T14:14:20+08:00][sql] CONNECT:[ UseTime:0.000348s ] mysql:host=127.0.0.1;port=3306;dbname=demo;charset=utf8
[2019-12-13T14:14:20+08:00][sql] SHOW FULL COLUMNS FROM `demo_auth_group_access` [ RunTime:0.000576s ]
[2019-12-13T14:14:20+08:00][sql] SELECT `group_id` FROM `demo_auth_group_access` WHERE  `uid` = 1 LIMIT 1 [ RunTime:0.000304s ]
[2019-12-13T14:14:20+08:00][sql] SHOW FULL COLUMNS FROM `demo_auth_group` [ RunTime:0.000493s ]
[2019-12-13T14:14:20+08:00][sql] SELECT `rules` FROM `demo_auth_group` WHERE  `id` = 1  AND `status` = 1 LIMIT 1 [ RunTime:0.000345s ]
[2019-12-13T14:14:20+08:00][sql] SHOW FULL COLUMNS FROM `demo_auth_rule` [ RunTime:0.000544s ]
[2019-12-13T14:14:20+08:00][sql] SELECT * FROM `demo_auth_rule` WHERE  `id` IN (1,2,3,4)  AND `type` = 1 [ RunTime:0.000540s ]
[2019-12-13T14:14:20+08:00][info] [ VIEW ] /yd/php/tp6.0/view/index/index.html [ array (
  0 => 'menus',
) ]
[2019-12-13T14:15:09+08:00][sql] CONNECT:[ UseTime:0.000759s ] mysql:host=127.0.0.1;port=3306;dbname=demo;charset=utf8
[2019-12-13T14:15:09+08:00][sql] SHOW FULL COLUMNS FROM `demo_auth_group_access` [ RunTime:0.000902s ]
[2019-12-13T14:15:09+08:00][sql] SELECT `group_id` FROM `demo_auth_group_access` WHERE  `uid` = 1 LIMIT 1 [ RunTime:0.000384s ]
[2019-12-13T14:15:09+08:00][sql] SHOW FULL COLUMNS FROM `demo_auth_group` [ RunTime:0.000699s ]
[2019-12-13T14:15:09+08:00][sql] SELECT `rules` FROM `demo_auth_group` WHERE  `id` = 1  AND `status` = 1 LIMIT 1 [ RunTime:0.000302s ]
[2019-12-13T14:15:09+08:00][sql] SHOW FULL COLUMNS FROM `demo_auth_rule` [ RunTime:0.000436s ]
[2019-12-13T14:15:09+08:00][sql] SELECT * FROM `demo_auth_rule` WHERE  `id` IN (1,2,3,4) [ RunTime:0.000355s ]
[2019-12-13T14:15:09+08:00][info] [ VIEW ] /yd/php/tp6.0/view/auth/menu.html [ array (
  0 => 'menus',
) ]
[2019-12-13T14:15:09+08:00][error] [2]Invalid argument supplied for foreach()[/yd/php/tp6.0/runtime/temp/ec46696657bbaefa7d1d204f690a3811.php:34]
[2019-12-13T14:15:21+08:00][sql] CONNECT:[ UseTime:0.000361s ] mysql:host=127.0.0.1;port=3306;dbname=demo;charset=utf8
[2019-12-13T14:15:21+08:00][sql] SHOW FULL COLUMNS FROM `demo_auth_group_access` [ RunTime:0.000352s ]
[2019-12-13T14:15:21+08:00][sql] SELECT `group_id` FROM `demo_auth_group_access` WHERE  `uid` = 1 LIMIT 1 [ RunTime:0.000230s ]
[2019-12-13T14:15:21+08:00][sql] SHOW FULL COLUMNS FROM `demo_auth_group` [ RunTime:0.000600s ]
[2019-12-13T14:15:21+08:00][sql] SELECT `rules` FROM `demo_auth_group` WHERE  `id` = 1  AND `status` = 1 LIMIT 1 [ RunTime:0.000232s ]
[2019-12-13T14:15:21+08:00][sql] SHOW FULL COLUMNS FROM `demo_auth_rule` [ RunTime:0.000328s ]
[2019-12-13T14:15:21+08:00][sql] SELECT * FROM `demo_auth_rule` WHERE  `id` IN (1,2,3,4)  AND `type` = 1 [ RunTime:0.000208s ]
[2019-12-13T14:15:21+08:00][info] [ VIEW ] /yd/php/tp6.0/view/index/index.html [ array (
  0 => 'menus',
) ]
[2019-12-13T14:15:22+08:00][sql] CONNECT:[ UseTime:0.000296s ] mysql:host=127.0.0.1;port=3306;dbname=demo;charset=utf8
[2019-12-13T14:15:22+08:00][sql] SHOW FULL COLUMNS FROM `demo_auth_group_access` [ RunTime:0.000668s ]
[2019-12-13T14:15:22+08:00][sql] SELECT `group_id` FROM `demo_auth_group_access` WHERE  `uid` = 1 LIMIT 1 [ RunTime:0.000410s ]
[2019-12-13T14:15:22+08:00][sql] SHOW FULL COLUMNS FROM `demo_auth_group` [ RunTime:0.000570s ]
[2019-12-13T14:15:22+08:00][sql] SELECT `rules` FROM `demo_auth_group` WHERE  `id` = 1  AND `status` = 1 LIMIT 1 [ RunTime:0.000611s ]
[2019-12-13T14:15:22+08:00][sql] SHOW FULL COLUMNS FROM `demo_auth_rule` [ RunTime:0.000561s ]
[2019-12-13T14:15:22+08:00][sql] SELECT * FROM `demo_auth_rule` WHERE  `id` IN (1,2,3,4) [ RunTime:0.000545s ]
[2019-12-13T14:15:22+08:00][info] [ VIEW ] /yd/php/tp6.0/view/auth/menu.html [ array (
  0 => 'menus',
) ]
[2019-12-13T14:24:13+08:00][sql] CONNECT:[ UseTime:0.000299s ] mysql:host=127.0.0.1;port=3306;dbname=demo;charset=utf8
[2019-12-13T14:24:13+08:00][sql] SHOW FULL COLUMNS FROM `demo_auth_group_access` [ RunTime:0.000555s ]
[2019-12-13T14:24:13+08:00][sql] SELECT `group_id` FROM `demo_auth_group_access` WHERE  `uid` = 1 LIMIT 1 [ RunTime:0.000293s ]
[2019-12-13T14:24:13+08:00][sql] SHOW FULL COLUMNS FROM `demo_auth_group` [ RunTime:0.000332s ]
[2019-12-13T14:24:13+08:00][sql] SELECT `rules` FROM `demo_auth_group` WHERE  `id` = 1  AND `status` = 1 LIMIT 1 [ RunTime:0.000248s ]
[2019-12-13T14:24:13+08:00][sql] SHOW FULL COLUMNS FROM `demo_auth_rule` [ RunTime:0.000465s ]
[2019-12-13T14:24:13+08:00][sql] SELECT * FROM `demo_auth_rule` WHERE  `id` IN (1,2,3,4)  AND `type` = 1 [ RunTime:0.000360s ]
[2019-12-13T14:24:13+08:00][info] [ VIEW ] /yd/php/tp6.0/view/index/index.html [ array (
  0 => 'menus',
  1 => 'user_name',
) ]
[2019-12-13T14:24:13+08:00][sql] CONNECT:[ UseTime:0.000386s ] mysql:host=127.0.0.1;port=3306;dbname=demo;charset=utf8
[2019-12-13T14:24:13+08:00][sql] SHOW FULL COLUMNS FROM `demo_auth_group_access` [ RunTime:0.000353s ]
[2019-12-13T14:24:13+08:00][sql] SELECT `group_id` FROM `demo_auth_group_access` WHERE  `uid` = 1 LIMIT 1 [ RunTime:0.000234s ]
[2019-12-13T14:24:13+08:00][sql] SHOW FULL COLUMNS FROM `demo_auth_group` [ RunTime:0.000324s ]
[2019-12-13T14:24:13+08:00][sql] SELECT `rules` FROM `demo_auth_group` WHERE  `id` = 1  AND `status` = 1 LIMIT 1 [ RunTime:0.000200s ]
[2019-12-13T14:24:13+08:00][sql] SHOW FULL COLUMNS FROM `demo_auth_rule` [ RunTime:0.000369s ]
[2019-12-13T14:24:13+08:00][sql] SELECT * FROM `demo_auth_rule` WHERE  `id` IN (1,2,3,4) [ RunTime:0.000261s ]
[2019-12-13T14:24:13+08:00][info] [ VIEW ] /yd/php/tp6.0/view/auth/menu.html [ array (
  0 => 'menus',
) ]
[2019-12-13T14:25:10+08:00][sql] CONNECT:[ UseTime:0.000367s ] mysql:host=127.0.0.1;port=3306;dbname=demo;charset=utf8
[2019-12-13T14:25:10+08:00][sql] SHOW FULL COLUMNS FROM `demo_auth_group_access` [ RunTime:0.000384s ]
[2019-12-13T14:25:10+08:00][sql] SELECT `group_id` FROM `demo_auth_group_access` WHERE  `uid` = 1 LIMIT 1 [ RunTime:0.000227s ]
[2019-12-13T14:25:10+08:00][sql] SHOW FULL COLUMNS FROM `demo_auth_group` [ RunTime:0.000372s ]
[2019-12-13T14:25:10+08:00][sql] SELECT `rules` FROM `demo_auth_group` WHERE  `id` = 1  AND `status` = 1 LIMIT 1 [ RunTime:0.000231s ]
[2019-12-13T14:25:10+08:00][sql] SHOW FULL COLUMNS FROM `demo_auth_rule` [ RunTime:0.000320s ]
[2019-12-13T14:25:10+08:00][sql] SELECT * FROM `demo_auth_rule` WHERE  `id` IN (1,2,3,4)  AND `type` = 1 [ RunTime:0.000213s ]
[2019-12-13T14:25:10+08:00][info] [ VIEW ] /yd/php/tp6.0/view/index/index.html [ array (
  0 => 'menus',
  1 => 'user_name',
) ]
[2019-12-13T14:25:10+08:00][error] [8]未定义变量: name[/yd/php/tp6.0/runtime/temp/d5c049bcdbabf449d9cc5c0c5950dc9d.php:50]
[2019-12-13T14:25:20+08:00][sql] CONNECT:[ UseTime:0.000869s ] mysql:host=127.0.0.1;port=3306;dbname=demo;charset=utf8
[2019-12-13T14:25:20+08:00][sql] SHOW FULL COLUMNS FROM `demo_auth_group_access` [ RunTime:0.001084s ]
[2019-12-13T14:25:20+08:00][sql] SELECT `group_id` FROM `demo_auth_group_access` WHERE  `uid` = 1 LIMIT 1 [ RunTime:0.000228s ]
[2019-12-13T14:25:20+08:00][sql] SHOW FULL COLUMNS FROM `demo_auth_group` [ RunTime:0.000455s ]
[2019-12-13T14:25:20+08:00][sql] SELECT `rules` FROM `demo_auth_group` WHERE  `id` = 1  AND `status` = 1 LIMIT 1 [ RunTime:0.000358s ]
[2019-12-13T14:25:20+08:00][sql] SHOW FULL COLUMNS FROM `demo_auth_rule` [ RunTime:0.000453s ]
[2019-12-13T14:25:20+08:00][sql] SELECT * FROM `demo_auth_rule` WHERE  `id` IN (1,2,3,4)  AND `type` = 1 [ RunTime:0.000376s ]
[2019-12-13T14:25:20+08:00][info] [ VIEW ] /yd/php/tp6.0/view/index/index.html [ array (
  0 => 'menus',
  1 => 'user_name',
) ]
[2019-12-13T14:25:20+08:00][sql] CONNECT:[ UseTime:0.000460s ] mysql:host=127.0.0.1;port=3306;dbname=demo;charset=utf8
[2019-12-13T14:25:20+08:00][sql] SHOW FULL COLUMNS FROM `demo_auth_group_access` [ RunTime:0.000427s ]
[2019-12-13T14:25:20+08:00][sql] SELECT `group_id` FROM `demo_auth_group_access` WHERE  `uid` = 1 LIMIT 1 [ RunTime:0.000324s ]
[2019-12-13T14:25:20+08:00][sql] SHOW FULL COLUMNS FROM `demo_auth_group` [ RunTime:0.000409s ]
[2019-12-13T14:25:20+08:00][sql] SELECT `rules` FROM `demo_auth_group` WHERE  `id` = 1  AND `status` = 1 LIMIT 1 [ RunTime:0.000212s ]
[2019-12-13T14:25:20+08:00][sql] SHOW FULL COLUMNS FROM `demo_auth_rule` [ RunTime:0.000365s ]
[2019-12-13T14:25:20+08:00][sql] SELECT * FROM `demo_auth_rule` WHERE  `id` IN (1,2,3,4) [ RunTime:0.000415s ]
[2019-12-13T14:25:20+08:00][info] [ VIEW ] /yd/php/tp6.0/view/auth/menu.html [ array (
  0 => 'menus',
) ]
[2019-12-13T17:30:03+08:00][info] [ VIEW ] /yd/php/tp6.0/view/login/login.html [ array (
) ]
[2019-12-13T17:30:12+08:00][sql] CONNECT:[ UseTime:0.000466s ] mysql:host=127.0.0.1;port=3306;dbname=demo;charset=utf8
[2019-12-13T17:30:12+08:00][sql] SHOW FULL COLUMNS FROM `demo_user` [ RunTime:0.000356s ]
[2019-12-13T17:30:12+08:00][sql] SELECT * FROM `demo_user` WHERE  `user_name` = 'admin' LIMIT 1 [ RunTime:0.000187s ]
[2019-12-13T17:30:12+08:00][sql] CONNECT:[ UseTime:0.001068s ] mysql:host=127.0.0.1;port=3306;dbname=demo;charset=utf8
[2019-12-13T17:30:12+08:00][sql] SHOW FULL COLUMNS FROM `demo_auth_group_access` [ RunTime:0.000598s ]
[2019-12-13T17:30:12+08:00][sql] SELECT `group_id` FROM `demo_auth_group_access` WHERE  `uid` = 1 LIMIT 1 [ RunTime:0.000280s ]
[2019-12-13T17:30:12+08:00][sql] SHOW FULL COLUMNS FROM `demo_auth_group` [ RunTime:0.000413s ]
[2019-12-13T17:30:12+08:00][sql] SELECT `rules` FROM `demo_auth_group` WHERE  `id` = 1  AND `status` = 1 LIMIT 1 [ RunTime:0.000227s ]
[2019-12-13T17:30:12+08:00][sql] SHOW FULL COLUMNS FROM `demo_auth_rule` [ RunTime:0.000469s ]
[2019-12-13T17:30:12+08:00][sql] SELECT * FROM `demo_auth_rule` WHERE  `id` IN (1,2,3,4,5)  AND `type` = 1 [ RunTime:0.000215s ]
[2019-12-13T17:30:12+08:00][info] [ VIEW ] /yd/php/tp6.0/view/index/index.html [ array (
  0 => 'menus',
  1 => 'user_name',
) ]
[2019-12-13T17:30:24+08:00][sql] CONNECT:[ UseTime:0.000430s ] mysql:host=127.0.0.1;port=3306;dbname=demo;charset=utf8
[2019-12-13T17:30:24+08:00][sql] SHOW FULL COLUMNS FROM `demo_auth_group_access` [ RunTime:0.000814s ]
[2019-12-13T17:30:24+08:00][sql] SELECT `group_id` FROM `demo_auth_group_access` WHERE  `uid` = 1 LIMIT 1 [ RunTime:0.000277s ]
[2019-12-13T17:30:24+08:00][sql] SHOW FULL COLUMNS FROM `demo_auth_group` [ RunTime:0.000515s ]
[2019-12-13T17:30:24+08:00][sql] SELECT `rules` FROM `demo_auth_group` WHERE  `id` = 1  AND `status` = 1 LIMIT 1 [ RunTime:0.000301s ]
[2019-12-13T17:30:24+08:00][sql] SHOW FULL COLUMNS FROM `demo_auth_rule` [ RunTime:0.000507s ]
[2019-12-13T17:30:24+08:00][sql] SELECT * FROM `demo_auth_rule` WHERE  `id` IN (1,2,3,4,5)  AND `type` = 1 [ RunTime:0.000351s ]
[2019-12-13T17:30:24+08:00][info] [ VIEW ] /yd/php/tp6.0/view/index/index.html [ array (
  0 => 'menus',
  1 => 'user_name',
) ]
[2019-12-13T17:30:27+08:00][sql] CONNECT:[ UseTime:0.000470s ] mysql:host=127.0.0.1;port=3306;dbname=demo;charset=utf8
[2019-12-13T17:30:27+08:00][sql] SHOW FULL COLUMNS FROM `demo_auth_group_access` [ RunTime:0.000712s ]
[2019-12-13T17:30:27+08:00][sql] SELECT `group_id` FROM `demo_auth_group_access` WHERE  `uid` = 1 LIMIT 1 [ RunTime:0.000386s ]
[2019-12-13T17:30:27+08:00][sql] SHOW FULL COLUMNS FROM `demo_auth_group` [ RunTime:0.000409s ]
[2019-12-13T17:30:27+08:00][sql] SELECT `rules` FROM `demo_auth_group` WHERE  `id` = 1  AND `status` = 1 LIMIT 1 [ RunTime:0.000220s ]
[2019-12-13T17:30:27+08:00][sql] SHOW FULL COLUMNS FROM `demo_auth_rule` [ RunTime:0.000503s ]
[2019-12-13T17:30:27+08:00][sql] SELECT * FROM `demo_auth_rule` WHERE  `id` IN (1,2,3,4,5) [ RunTime:0.000207s ]
[2019-12-13T17:30:27+08:00][info] [ VIEW ] /yd/php/tp6.0/view/auth/menu.html [ array (
  0 => 'menus',
) ]
[2019-12-13T17:30:27+08:00][error] [2]Invalid argument supplied for foreach()[/yd/php/tp6.0/runtime/temp/ec46696657bbaefa7d1d204f690a3811.php:34]
[2019-12-13T17:30:36+08:00][sql] CONNECT:[ UseTime:0.000443s ] mysql:host=127.0.0.1;port=3306;dbname=demo;charset=utf8
[2019-12-13T17:30:36+08:00][sql] SHOW FULL COLUMNS FROM `demo_auth_group_access` [ RunTime:0.000617s ]
[2019-12-13T17:30:36+08:00][sql] SELECT `group_id` FROM `demo_auth_group_access` WHERE  `uid` = 1 LIMIT 1 [ RunTime:0.000311s ]
[2019-12-13T17:30:36+08:00][sql] SHOW FULL COLUMNS FROM `demo_auth_group` [ RunTime:0.000518s ]
[2019-12-13T17:30:36+08:00][sql] SELECT `rules` FROM `demo_auth_group` WHERE  `id` = 1  AND `status` = 1 LIMIT 1 [ RunTime:0.000293s ]
[2019-12-13T17:30:36+08:00][sql] SHOW FULL COLUMNS FROM `demo_auth_rule` [ RunTime:0.000782s ]
[2019-12-13T17:30:36+08:00][sql] SELECT * FROM `demo_auth_rule` WHERE  `id` IN (1,2,3,4,5)  AND `type` = 1 [ RunTime:0.000359s ]
[2019-12-13T17:30:36+08:00][info] [ VIEW ] /yd/php/tp6.0/view/index/index.html [ array (
  0 => 'menus',
  1 => 'user_name',
) ]
